date,time,server,ping
08/05/2020,10:01:54.14,us5861.nordvpn.com.udp.ovpn,12
08/05/2020,11:25:26.76,us5577.nordvpn.com.udp.ovpn,16
08/05/2020,11:32:08.17,us5577.nordvpn.com.udp.ovpn,12
08/05/2020,17:53:23.24,us5861.nordvpn.com.udp.ovpn,20
08/05/2020,23:13:27.47,us5850.nordvpn.com.udp.ovpn,12
08/06/2020, 6:28:34.91,us5850.nordvpn.com.udp.ovpn,11
08/06/2020,16:22:13.42,us5850.nordvpn.com.udp.ovpn,12
08/06/2020,20:02:39.42,us5577.nordvpn.com.udp.ovpn,15
08/07/2020, 0:09:44.24,us5861.nordvpn.com.udp.ovpn,10
08/07/2020,17:01:30.20,us5861.nordvpn.com.udp.ovpn,11
08/07/2020,17:23:46.25,us5861.nordvpn.com.udp.ovpn,50
08/07/2020,22:02:24.19,us5850.nordvpn.com.udp.ovpn,14
08/07/2020,22:35:15.28,us5861.nordvpn.com.udp.ovpn,11
08/08/2020,14:51:01.33,us5861.nordvpn.com.udp.ovpn,1000
08/08/2020,14:54:22.35,us5861.nordvpn.com.udp.ovpn,10
08/08/2020,15:26:35.35,us5861.nordvpn.com.udp.ovpn,10
08/09/2020, 1:59:58.34,us5861.nordvpn.com.udp.ovpn,10
08/09/2020,19:29:06.34,us5850.nordvpn.com.udp.ovpn,10
08/09/2020,19:31:08.35,us5850.nordvpn.com.udp.ovpn,10
08/09/2020,21:19:35.72,us5850.nordvpn.com.udp.ovpn,10
08/09/2020,21:28:28.34,us5861.nordvpn.com.udp.ovpn,10
08/10/2020,18:50:57.39,us5861.nordvpn.com.udp.ovpn,11
08/10/2020,20:18:48.35,us5861.nordvpn.com.udp.ovpn,11
08/11/2020,17:36:20.97,us5861.nordvpn.com.udp.ovpn,11
08/12/2020, 9:28:01.99,us5861.nordvpn.com.udp.ovpn,11
08/12/2020, 9:47:29.36,us5861.nordvpn.com.udp.ovpn,10
08/13/2020, 0:19:05.43,us5861.nordvpn.com.udp.ovpn,11
08/13/2020, 6:50:08.91,us5861.nordvpn.com.udp.ovpn,10
08/13/2020, 8:27:17.42,us5861.nordvpn.com.udp.ovpn,10
08/13/2020, 8:34:14.42,us5850.nordvpn.com.udp.ovpn,11
08/13/2020,12:03:23.35,us5861.nordvpn.com.udp.ovpn,1000
08/13/2020,12:06:37.41,us5861.nordvpn.com.udp.ovpn,10
08/13/2020,17:48:33.43,us5861.nordvpn.com.udp.ovpn,13
08/13/2020,18:59:33.42,us5861.nordvpn.com.udp.ovpn,10
08/14/2020,23:11:03.43,us5850.nordvpn.com.udp.ovpn,13
08/14/2020,23:43:35.92,us5850.nordvpn.com.udp.ovpn,11
08/15/2020, 0:08:28.43,us5850.nordvpn.com.udp.ovpn,10
08/15/2020,13:46:36.43,us5861.nordvpn.com.udp.ovpn,10
08/15/2020,19:46:25.42,us5861.nordvpn.com.udp.ovpn,10
08/16/2020,15:25:40.96,us5850.nordvpn.com.udp.ovpn,10
08/16/2020,19:44:27.49,us5850.nordvpn.com.udp.ovpn,16
08/17/2020,16:32:37.96,us5861.nordvpn.com.udp.ovpn,10
08/17/2020,21:52:39.49,us5861.nordvpn.com.udp.ovpn,13
08/17/2020,21:59:53.98,us5861.nordvpn.com.udp.ovpn,10
08/19/2020,19:04:13.59,us5861.nordvpn.com.udp.ovpn,13
08/19/2020,19:32:52.41,us5861.nordvpn.com.udp.ovpn,10
08/20/2020,16:08:51.42,us5850.nordvpn.com.udp.ovpn,10
08/20/2020,18:11:30.42,us5850.nordvpn.com.udp.ovpn,10
08/20/2020,20:29:41.45,us5861.nordvpn.com.udp.ovpn,11
08/20/2020,20:41:24.42,us5861.nordvpn.com.udp.ovpn,12
08/20/2020,20:49:01.41,us5861.nordvpn.com.udp.ovpn,11
08/21/2020,20:37:42.99,us5850.nordvpn.com.udp.ovpn,14
08/22/2020,13:36:25.91,us5861.nordvpn.com.udp.ovpn,11
08/22/2020,17:44:02.91,us5861.nordvpn.com.udp.ovpn,11
08/22/2020,20:55:31.41,us5861.nordvpn.com.udp.ovpn,11
08/23/2020,18:40:41.16,us5861.nordvpn.com.udp.ovpn,10
08/23/2020,22:51:34.94,us5861.nordvpn.com.udp.ovpn,11
08/24/2020, 5:45:30.91,us5861.nordvpn.com.udp.ovpn,11
08/25/2020, 9:49:48.41,us5861.nordvpn.com.udp.ovpn,10
08/25/2020,14:32:40.41,us5850.nordvpn.com.udp.ovpn,11
08/25/2020,17:38:38.91,us5850.nordvpn.com.udp.ovpn,11
08/25/2020,21:19:25.42,us5861.nordvpn.com.udp.ovpn,12
08/26/2020,17:41:32.43,us5861.nordvpn.com.udp.ovpn,12
08/26/2020,21:59:24.92,us5861.nordvpn.com.udp.ovpn,10
08/27/2020,22:03:55.72,us5850.nordvpn.com.udp.ovpn,10
08/28/2020,16:48:20.23,us5861.nordvpn.com.udp.ovpn,10
08/28/2020,23:58:25.23,us5850.nordvpn.com.udp.ovpn,10
08/29/2020,21:12:55.74,us5850.nordvpn.com.udp.ovpn,11
08/30/2020,13:13:08.02,us5861.nordvpn.com.udp.ovpn,10
08/30/2020,13:13:59.01,us5861.nordvpn.com.udp.ovpn,10
08/30/2020,16:45:52.55,us5850.nordvpn.com.udp.ovpn,14
08/31/2020,13:34:09.51,us5850.nordvpn.com.udp.ovpn,10
08/31/2020,21:56:20.01,us5850.nordvpn.com.udp.ovpn,10
09/01/2020,11:14:57.08,us5850.nordvpn.com.udp.ovpn,10
09/01/2020,15:29:00.07,us5850.nordvpn.com.udp.ovpn,10
09/01/2020,19:43:18.07,us6757.nordvpn.com.udp.ovpn,12
09/02/2020, 6:50:34.26,us5861.nordvpn.com.udp.ovpn,10
09/02/2020, 6:50:56.26,us5861.nordvpn.com.udp.ovpn,10
09/02/2020,18:30:49.28,us5861.nordvpn.com.udp.ovpn,12
09/02/2020,21:55:43.32,us5861.nordvpn.com.udp.ovpn,11
09/03/2020, 6:48:03.40,us5850.nordvpn.com.udp.ovpn,10
09/03/2020,12:36:56.27,us5861.nordvpn.com.udp.ovpn,10
09/03/2020,15:46:42.29,us5850.nordvpn.com.udp.ovpn,10
09/03/2020,23:44:14.31,us5861.nordvpn.com.udp.ovpn,12
09/04/2020,16:57:34.29,us5861.nordvpn.com.udp.ovpn,10
09/04/2020,16:58:13.33,us5861.nordvpn.com.udp.ovpn,10
09/04/2020,19:00:43.26,us5850.nordvpn.com.udp.ovpn,10
09/04/2020,21:12:48.30,us5861.nordvpn.com.udp.ovpn,17
09/04/2020,22:22:43.27,us5861.nordvpn.com.udp.ovpn,11
09/04/2020,22:22:52.27,us5861.nordvpn.com.udp.ovpn,14
09/05/2020,12:07:12.46,us5861.nordvpn.com.udp.ovpn,11
09/05/2020,16:59:47.48,us5861.nordvpn.com.udp.ovpn,10
09/05/2020,19:03:43.45,us5861.nordvpn.com.udp.ovpn,11
09/05/2020,22:57:24.95,us5861.nordvpn.com.udp.ovpn,12
09/06/2020,14:23:44.44,us5850.nordvpn.com.udp.ovpn,10
09/06/2020,17:19:10.46,us5861.nordvpn.com.udp.ovpn,10
09/06/2020,20:55:38.45,us5861.nordvpn.com.udp.ovpn,12
09/07/2020,17:03:02.45,us5861.nordvpn.com.udp.ovpn,10
09/07/2020,17:04:04.95,us5850.nordvpn.com.udp.ovpn,10
09/07/2020,22:41:07.45,us5861.nordvpn.com.udp.ovpn,12
09/07/2020,22:41:49.46,us5850.nordvpn.com.udp.ovpn,11
09/08/2020,11:14:21.32,us5861.nordvpn.com.udp.ovpn,13
09/08/2020,20:08:38.32,us5861.nordvpn.com.udp.ovpn,10
09/08/2020,21:03:28.35,us5861.nordvpn.com.udp.ovpn,12
09/08/2020,21:03:41.35,us5861.nordvpn.com.udp.ovpn,10
09/09/2020,10:15:54.34,us5861.nordvpn.com.udp.ovpn,12
09/09/2020,11:25:32.35,us6757.nordvpn.com.udp.ovpn,12
09/09/2020,13:56:54.35,us5861.nordvpn.com.udp.ovpn,11
09/09/2020,13:58:38.42,us5850.nordvpn.com.udp.ovpn,10
09/09/2020,18:14:57.40,us5850.nordvpn.com.udp.ovpn,11
09/09/2020,21:42:35.42,us5861.nordvpn.com.udp.ovpn,10
09/10/2020, 0:44:58.39,us5850.nordvpn.com.udp.ovpn,10
09/10/2020,13:36:25.41,us5861.nordvpn.com.udp.ovpn,10
09/10/2020,16:08:29.39,us5861.nordvpn.com.udp.ovpn,11
09/10/2020,20:12:49.43,us5861.nordvpn.com.udp.ovpn,11
09/11/2020,13:37:24.12,us5850.nordvpn.com.udp.ovpn,10
09/11/2020,13:56:07.58,us5851.nordvpn.com.udp.ovpn,11
09/11/2020,19:07:46.56,us5861.nordvpn.com.udp.ovpn,11
09/12/2020,12:16:49.55,us5861.nordvpn.com.udp.ovpn,10
09/12/2020,19:41:35.57,us5851.nordvpn.com.udp.ovpn,12
09/12/2020,19:41:50.06,us5861.nordvpn.com.udp.ovpn,10
09/12/2020,23:39:19.56,us5850.nordvpn.com.udp.ovpn,11
09/13/2020,12:09:19.56,us5861.nordvpn.com.udp.ovpn,10
09/13/2020,14:33:57.85,us5850.nordvpn.com.udp.ovpn,13
09/13/2020,18:32:47.66,us5861.nordvpn.com.udp.ovpn,11
09/13/2020,20:08:37.56,us5861.nordvpn.com.udp.ovpn,10
09/14/2020,17:32:16.55,us5861.nordvpn.com.udp.ovpn,10
09/14/2020,22:54:24.55,us5861.nordvpn.com.udp.ovpn,12
09/15/2020, 6:27:31.53,us5850.nordvpn.com.udp.ovpn,10
09/15/2020,13:02:20.54,us6757.nordvpn.com.udp.ovpn,11
09/15/2020,13:24:15.05,us5851.nordvpn.com.udp.ovpn,12
09/15/2020,15:08:54.06,us5861.nordvpn.com.udp.ovpn,11
09/15/2020,15:19:10.04,us5861.nordvpn.com.udp.ovpn,10
09/15/2020,15:25:40.09,us5861.nordvpn.com.udp.ovpn,14
09/15/2020,15:33:25.59,us5851.nordvpn.com.udp.ovpn,11
09/15/2020,19:34:42.56,us5861.nordvpn.com.udp.ovpn,11
09/16/2020,18:29:28.05,us5861.nordvpn.com.udp.ovpn,10
09/17/2020,19:20:52.04,us5861.nordvpn.com.udp.ovpn,11
09/18/2020,18:57:26.59,us5861.nordvpn.com.udp.ovpn,10
09/19/2020,14:55:14.09,us5861.nordvpn.com.udp.ovpn,10
09/19/2020,15:15:12.58,us5850.nordvpn.com.udp.ovpn,10
09/19/2020,18:08:29.08,us5850.nordvpn.com.udp.ovpn,10
09/19/2020,21:26:37.59,us5861.nordvpn.com.udp.ovpn,11
09/19/2020,21:27:40.06,us5861.nordvpn.com.udp.ovpn,10
09/20/2020,13:23:39.26,us5861.nordvpn.com.udp.ovpn,10
09/20/2020,22:27:05.27,us5850.nordvpn.com.udp.ovpn,10
09/22/2020,19:05:42.59,us5861.nordvpn.com.udp.ovpn,12
09/22/2020,19:33:31.43,us6757.nordvpn.com.udp.ovpn,11
09/22/2020,19:34:06.42,us5861.nordvpn.com.udp.ovpn,11
09/22/2020,19:42:54.44,us5861.nordvpn.com.udp.ovpn,13
09/22/2020,19:49:20.41,us5861.nordvpn.com.udp.ovpn,11
09/22/2020,21:00:20.46,us5861.nordvpn.com.udp.ovpn,11
09/22/2020,21:14:21.43,us5850.nordvpn.com.udp.ovpn,11
09/22/2020,21:15:12.43,us5861.nordvpn.com.udp.ovpn,11
09/22/2020,21:36:14.40,us5850.nordvpn.com.udp.ovpn,10
09/22/2020,22:17:26.47,us5861.nordvpn.com.udp.ovpn,13
09/23/2020,16:50:08.41,us5850.nordvpn.com.udp.ovpn,12
09/23/2020,20:07:28.46,us5850.nordvpn.com.udp.ovpn,11
09/23/2020,20:58:35.40,us5861.nordvpn.com.udp.ovpn,10
09/24/2020,17:27:15.07,us5850.nordvpn.com.udp.ovpn,10
09/25/2020,16:56:13.56,us6757.nordvpn.com.udp.ovpn,11
09/26/2020,16:08:12.22,us6757.nordvpn.com.udp.ovpn,13
09/27/2020, 0:03:13.17,us5850.nordvpn.com.udp.ovpn,10
09/27/2020, 0:06:19.18,us5851.nordvpn.com.udp.ovpn,12
09/27/2020,16:27:43.19,us5850.nordvpn.com.udp.ovpn,11
09/27/2020,19:07:11.20,us5850.nordvpn.com.udp.ovpn,10
09/27/2020,22:54:01.70,us5850.nordvpn.com.udp.ovpn,10
09/28/2020,15:37:11.06,us5861.nordvpn.com.udp.ovpn,12
09/28/2020,18:40:19.57,us5861.nordvpn.com.udp.ovpn,12
09/29/2020,16:16:36.35,us5850.nordvpn.com.udp.ovpn,10
09/29/2020,16:16:50.59,us5850.nordvpn.com.udp.ovpn,10
09/29/2020,21:45:00.05,us5861.nordvpn.com.udp.ovpn,10
09/30/2020, 2:09:45.54,us5850.nordvpn.com.udp.ovpn,10
09/30/2020,16:05:02.50,us5861.nordvpn.com.udp.ovpn,10
09/30/2020,16:39:01.49,us5861.nordvpn.com.udp.ovpn,10
09/30/2020,20:46:38.52,us5851.nordvpn.com.udp.ovpn,13
09/30/2020,21:02:44.48,us5861.nordvpn.com.udp.ovpn,10
10/01/2020,15:56:21.60,us5861.nordvpn.com.udp.ovpn,10
10/02/2020,15:27:56.66,us5577.nordvpn.com.udp.ovpn,13
10/03/2020,16:08:12.20,us5850.nordvpn.com.udp.ovpn,12
10/03/2020,17:29:40.01,us5850.nordvpn.com.udp.ovpn,10
10/03/2020,23:13:40.50,us5861.nordvpn.com.udp.ovpn,10
10/04/2020,14:30:11.17,us5861.nordvpn.com.udp.ovpn,10
10/04/2020,18:56:10.57,us5861.nordvpn.com.udp.ovpn,10
10/05/2020,15:43:24.05,us5861.nordvpn.com.udp.ovpn,11
10/05/2020,21:23:02.55,us6757.nordvpn.com.udp.ovpn,13
10/05/2020,22:07:34.04,us5861.nordvpn.com.udp.ovpn,10
10/05/2020,22:09:06.09,us5851.nordvpn.com.udp.ovpn,12
10/06/2020,18:55:31.74,us5861.nordvpn.com.udp.ovpn,12
10/06/2020,18:56:32.62,us5861.nordvpn.com.udp.ovpn,13
10/07/2020,16:28:48.06,us5861.nordvpn.com.udp.ovpn,11
10/07/2020,18:01:21.77,us5861.nordvpn.com.udp.ovpn,11
10/08/2020,16:25:49.56,us5850.nordvpn.com.udp.ovpn,11
10/09/2020,16:39:24.55,us5850.nordvpn.com.udp.ovpn,10
10/09/2020,16:55:49.64,us5850.nordvpn.com.udp.ovpn,11
10/09/2020,17:06:57.63,us6757.nordvpn.com.udp.ovpn,12
10/09/2020,18:14:52.12,us5861.nordvpn.com.udp.ovpn,10
10/10/2020, 1:43:56.36,us6757.nordvpn.com.udp.ovpn,11
10/10/2020, 2:53:49.66,us6754.nordvpn.com.udp.ovpn,11
10/10/2020,21:15:41.13,us5861.nordvpn.com.udp.ovpn,11
10/11/2020,18:40:53.51,us5850.nordvpn.com.udp.ovpn,11
10/12/2020, 0:06:18.13,us5861.nordvpn.com.udp.ovpn,12
10/12/2020,16:26:29.65,us5850.nordvpn.com.udp.ovpn,11
10/12/2020,22:15:09.12,us5861.nordvpn.com.udp.ovpn,12
10/13/2020,21:15:30.30,us5861.nordvpn.com.udp.ovpn,10
10/13/2020,22:19:37.26,us5850.nordvpn.com.udp.ovpn,10
10/14/2020,20:08:29.27,us5850.nordvpn.com.udp.ovpn,10
10/14/2020,21:28:42.26,us5850.nordvpn.com.udp.ovpn,10
10/15/2020,18:32:51.45,us5861.nordvpn.com.udp.ovpn,11
10/15/2020,18:59:35.41,us5850.nordvpn.com.udp.ovpn,11
10/15/2020,19:19:41.44,us5851.nordvpn.com.udp.ovpn,10
10/15/2020,19:20:42.46,us5851.nordvpn.com.udp.ovpn,10
10/15/2020,22:01:54.41,us5850.nordvpn.com.udp.ovpn,10
10/16/2020,15:59:47.60,us5851.nordvpn.com.udp.ovpn,10
10/16/2020,18:59:32.66,us5850.nordvpn.com.udp.ovpn,11
10/18/2020,20:50:45.69,us5850.nordvpn.com.udp.ovpn,10
10/19/2020,18:14:24.31,us5850.nordvpn.com.udp.ovpn,10
10/20/2020,15:17:52.32,us5850.nordvpn.com.udp.ovpn,10
10/23/2020,16:31:22.36,us5850.nordvpn.com.udp.ovpn,11
10/24/2020,10:32:37.35,us5851.nordvpn.com.udp.ovpn,12
10/26/2020,20:43:45.18,us5851.nordvpn.com.udp.ovpn,12
10/26/2020,20:43:58.20,us5861.nordvpn.com.udp.ovpn,12
10/27/2020,17:16:01.66,us5861.nordvpn.com.udp.ovpn,11
10/29/2020,20:13:44.78,us5850.nordvpn.com.udp.ovpn,10
10/29/2020,20:14:16.18,us5851.nordvpn.com.udp.ovpn,11
10/29/2020,20:20:33.16,us5851.nordvpn.com.udp.ovpn,10
10/31/2020,18:23:02.29,us5850.nordvpn.com.udp.ovpn,11
10/31/2020,19:02:20.71,us5851.nordvpn.com.udp.ovpn,13
10/31/2020,22:00:27.13,us5861.nordvpn.com.udp.ovpn,13
11/01/2020,17:57:28.14,us5851.nordvpn.com.udp.ovpn,12
11/01/2020,18:16:09.61,us5850.nordvpn.com.udp.ovpn,10
11/02/2020,18:12:49.74,us6757.nordvpn.com.udp.ovpn,14
11/05/2020, 6:17:55.22,us5850.nordvpn.com.udp.ovpn,10
11/06/2020,20:22:00.23,us5861.nordvpn.com.udp.ovpn,13
11/07/2020,14:53:36.26,us5851.nordvpn.com.udp.ovpn,12
11/07/2020,18:19:07.24,us5861.nordvpn.com.udp.ovpn,12
11/07/2020,21:58:36.25,us5850.nordvpn.com.udp.ovpn,10
11/08/2020,13:18:54.22,us5851.nordvpn.com.udp.ovpn,10
11/08/2020,18:23:17.23,us5850.nordvpn.com.udp.ovpn,11
11/08/2020,20:51:37.25,us5861.nordvpn.com.udp.ovpn,11
11/10/2020,10:20:47.52,us5850.nordvpn.com.udp.ovpn,14
11/10/2020,10:45:30.52,us5861.nordvpn.com.udp.ovpn,12
11/10/2020,18:47:14.46,us5850.nordvpn.com.udp.ovpn,11
11/11/2020,10:11:32.44,us5851.nordvpn.com.udp.ovpn,13
11/11/2020,10:13:47.45,us5851.nordvpn.com.udp.ovpn,11
11/11/2020,11:49:59.46,us5861.nordvpn.com.udp.ovpn,12
11/11/2020,11:52:46.45,us5850.nordvpn.com.udp.ovpn,10
11/11/2020,13:57:20.93,us5577.nordvpn.com.udp.ovpn,30
11/12/2020,20:49:26.43,us5850.nordvpn.com.udp.ovpn,10
11/13/2020, 6:30:26.71,us6757.nordvpn.com.udp.ovpn,10
11/13/2020,13:50:24.64,us5850.nordvpn.com.udp.ovpn,11
11/13/2020,14:11:27.66,us5851.nordvpn.com.udp.ovpn,12
11/13/2020,19:19:43.12,us5850.nordvpn.com.udp.ovpn,11
11/13/2020,19:49:18.63,us5851.nordvpn.com.udp.ovpn,11
11/14/2020,22:15:54.14,us5850.nordvpn.com.udp.ovpn,11
11/15/2020,12:23:32.13,us5850.nordvpn.com.udp.ovpn,10
11/15/2020,12:35:56.21,us5850.nordvpn.com.udp.ovpn,11
11/15/2020,12:50:03.67,us5850.nordvpn.com.udp.ovpn,11
11/15/2020,17:30:35.69,us5851.nordvpn.com.udp.ovpn,11
11/15/2020,18:30:59.73,us5850.nordvpn.com.udp.ovpn,10
11/16/2020, 5:50:09.49,us5851.nordvpn.com.udp.ovpn,10
11/16/2020,20:47:18.98,us5850.nordvpn.com.udp.ovpn,10
11/17/2020,10:26:29.53,us5851.nordvpn.com.udp.ovpn,14
11/17/2020,12:19:24.54,us6751.nordvpn.com.udp.ovpn,15
11/17/2020,20:11:26.57,us5861.nordvpn.com.udp.ovpn,12
11/19/2020,21:50:26.33,us5851.nordvpn.com.udp.ovpn,10
11/20/2020,17:33:15.41,us5850.nordvpn.com.udp.ovpn,10
11/20/2020,20:41:39.40,us6751.nordvpn.com.udp.ovpn,12
11/21/2020,23:20:40.36,us5850.nordvpn.com.udp.ovpn,10
11/22/2020,11:10:31.63,us5861.nordvpn.com.udp.ovpn,12
11/22/2020,19:49:55.60,us5850.nordvpn.com.udp.ovpn,11
11/23/2020,16:40:46.64,us5850.nordvpn.com.udp.ovpn,10
11/23/2020,19:27:37.61,us5850.nordvpn.com.udp.ovpn,10
11/25/2020, 9:22:00.67,us5851.nordvpn.com.udp.ovpn,11
11/25/2020, 9:26:11.66,us5850.nordvpn.com.udp.ovpn,11
11/25/2020,12:51:40.67,us5850.nordvpn.com.udp.ovpn,11
11/25/2020,16:59:12.70,us5861.nordvpn.com.udp.ovpn,13
11/25/2020,19:15:57.19,us5861.nordvpn.com.udp.ovpn,12
11/26/2020, 7:38:23.69,us5850.nordvpn.com.udp.ovpn,10
11/26/2020,20:30:48.68,us5851.nordvpn.com.udp.ovpn,12
11/27/2020,12:39:14.68,us6757.nordvpn.com.udp.ovpn,10
11/27/2020,19:27:17.20,us6757.nordvpn.com.udp.ovpn,10
11/28/2020, 9:19:05.63,us5861.nordvpn.com.udp.ovpn,13
11/28/2020,19:18:36.58,us5851.nordvpn.com.udp.ovpn,10
11/29/2020,11:47:53.60,us5850.nordvpn.com.udp.ovpn,12
11/29/2020,17:19:14.66,us5850.nordvpn.com.udp.ovpn,10
11/29/2020,18:00:17.18,us5850.nordvpn.com.udp.ovpn,10
11/29/2020,20:01:51.70,us5851.nordvpn.com.udp.ovpn,11
11/29/2020,21:32:42.17,us5851.nordvpn.com.udp.ovpn,10
11/30/2020, 6:24:44.66,us5850.nordvpn.com.udp.ovpn,10
11/30/2020, 6:31:00.77,us5850.nordvpn.com.udp.ovpn,10
11/30/2020, 8:37:32.74,us5861.nordvpn.com.udp.ovpn,15
11/30/2020,18:17:59.68,us5850.nordvpn.com.udp.ovpn,12
11/30/2020,21:24:42.70,us5850.nordvpn.com.udp.ovpn,11
12/01/2020,12:41:55.82,us5851.nordvpn.com.udp.ovpn,14
12/01/2020,13:21:59.09,us6751.nordvpn.com.udp.ovpn,30
12/01/2020,13:53:56.69,us5861.nordvpn.com.udp.ovpn,18
12/01/2020,19:20:28.78,us6751.nordvpn.com.udp.ovpn,12
12/02/2020,19:53:51.70,us5861.nordvpn.com.udp.ovpn,12
12/02/2020,21:47:55.70,us6751.nordvpn.com.udp.ovpn,12
12/02/2020,21:59:31.77,us5850.nordvpn.com.udp.ovpn,12
12/02/2020,22:41:42.74,us5851.nordvpn.com.udp.ovpn,13
12/03/2020,18:30:21.68,us5850.nordvpn.com.udp.ovpn,10
12/03/2020,20:45:04.71,us6751.nordvpn.com.udp.ovpn,13
12/04/2020, 4:57:58.17,us5850.nordvpn.com.udp.ovpn,10
12/04/2020,11:31:51.23,us5851.nordvpn.com.udp.ovpn,15
12/05/2020,13:29:01.80,us5851.nordvpn.com.udp.ovpn,13
12/05/2020,15:45:18.26,us5850.nordvpn.com.udp.ovpn,10
12/05/2020,18:50:35.52,us5850.nordvpn.com.udp.ovpn,12
12/05/2020,22:38:09.24,us5850.nordvpn.com.udp.ovpn,11
12/06/2020,11:42:05.24,us5851.nordvpn.com.udp.ovpn,10
12/06/2020,13:20:12.25,us5850.nordvpn.com.udp.ovpn,10
12/06/2020,19:53:53.25,us6751.nordvpn.com.udp.ovpn,10
12/07/2020,16:08:48.80,us5861.nordvpn.com.udp.ovpn,12
12/07/2020,20:05:31.24,us5850.nordvpn.com.udp.ovpn,11
12/08/2020, 4:56:37.67,us5850.nordvpn.com.udp.ovpn,11
12/08/2020,22:05:28.19,us5851.nordvpn.com.udp.ovpn,12
12/09/2020,16:20:09.17,us5851.nordvpn.com.udp.ovpn,10
12/09/2020,17:15:05.67,us5851.nordvpn.com.udp.ovpn,11
12/09/2020,20:07:48.20,us5850.nordvpn.com.udp.ovpn,10
12/10/2020,15:52:17.23,us5850.nordvpn.com.udp.ovpn,12
12/10/2020,17:42:03.73,us5861.nordvpn.com.udp.ovpn,11
12/10/2020,20:14:08.19,us5861.nordvpn.com.udp.ovpn,12
12/11/2020,15:09:59.71,us6754.nordvpn.com.udp.ovpn,14
12/11/2020,22:29:45.29,us5861.nordvpn.com.udp.ovpn,12
12/12/2020, 9:59:35.69,us5850.nordvpn.com.udp.ovpn,10
12/12/2020,10:11:24.71,us5861.nordvpn.com.udp.ovpn,13
12/12/2020,14:15:17.68,us5850.nordvpn.com.udp.ovpn,10
12/13/2020,10:11:52.20,us5850.nordvpn.com.udp.ovpn,10
12/13/2020,10:49:10.71,us5850.nordvpn.com.udp.ovpn,11
12/13/2020,15:39:52.24,us5850.nordvpn.com.udp.ovpn,10
12/13/2020,16:58:14.67,us5850.nordvpn.com.udp.ovpn,10
12/13/2020,22:18:05.26,us5577.nordvpn.com.udp.ovpn,13
12/14/2020,15:15:26.20,us6757.nordvpn.com.udp.ovpn,10
12/14/2020,16:27:52.23,us5851.nordvpn.com.udp.ovpn,10
12/14/2020,19:51:40.22,us5850.nordvpn.com.udp.ovpn,12
12/14/2020,20:06:20.70,us5850.nordvpn.com.udp.ovpn,12
12/15/2020,19:51:43.70,us5851.nordvpn.com.udp.ovpn,11
12/16/2020,18:35:06.27,us5850.nordvpn.com.udp.ovpn,10
12/16/2020,18:57:59.23,us5851.nordvpn.com.udp.ovpn,13
12/17/2020,20:38:13.72,us5851.nordvpn.com.udp.ovpn,11
12/17/2020,20:40:38.86,us5851.nordvpn.com.udp.ovpn,11
12/18/2020,22:46:03.06,us5861.nordvpn.com.udp.ovpn,13
12/19/2020,12:19:12.69,us5851.nordvpn.com.udp.ovpn,11
12/19/2020,16:17:06.22,us5850.nordvpn.com.udp.ovpn,11
12/19/2020,21:16:03.72,us5850.nordvpn.com.udp.ovpn,12
12/20/2020,16:59:29.74,us5850.nordvpn.com.udp.ovpn,12
12/20/2020,17:07:29.93,us5850.nordvpn.com.udp.ovpn,12
12/20/2020,17:10:16.77,us5861.nordvpn.com.udp.ovpn,14
12/25/2020,22:08:46.53,us5851.nordvpn.com.udp.ovpn,12
12/26/2020, 0:50:35.66,us5851.nordvpn.com.udp.ovpn,10
12/26/2020,20:40:37.19,us5851.nordvpn.com.udp.ovpn,10
12/27/2020,21:36:45.44,us5861.nordvpn.com.udp.ovpn,11
12/30/2020,16:50:40.51,us5850.nordvpn.com.udp.ovpn,10
12/30/2020,16:53:24.55,us5851.nordvpn.com.udp.ovpn,10
12/30/2020,16:55:46.51,us5851.nordvpn.com.udp.ovpn,11
12/30/2020,17:16:11.27,us5861.nordvpn.com.udp.ovpn,12
12/31/2020,16:05:03.68,us5850.nordvpn.com.udp.ovpn,10
01/02/2021, 9:02:12.67,us5850.nordvpn.com.udp.ovpn,11
01/02/2021,16:09:17.78,us5850.nordvpn.com.udp.ovpn,11
01/04/2021,17:50:47.49,us5850.nordvpn.com.udp.ovpn,10
01/04/2021,21:58:42.75,us5850.nordvpn.com.udp.ovpn,10
01/05/2021,19:17:16.22,us5851.nordvpn.com.udp.ovpn,11
01/05/2021,21:31:06.68,us5851.nordvpn.com.udp.ovpn,10
01/07/2021, 5:57:08.77,us5851.nordvpn.com.udp.ovpn,10
01/07/2021,14:12:49.38,us5851.nordvpn.com.udp.ovpn,10
01/08/2021,22:19:02.32,us5861.nordvpn.com.udp.ovpn,13
01/09/2021,14:24:50.25,us5850.nordvpn.com.udp.ovpn,10
01/10/2021, 9:40:06.51,us5851.nordvpn.com.udp.ovpn,11
01/12/2021,21:31:12.53,us5850.nordvpn.com.udp.ovpn,10
01/13/2021, 5:44:04.59,us5850.nordvpn.com.udp.ovpn,11
01/13/2021,16:49:07.66,us6751.nordvpn.com.udp.ovpn,12
01/13/2021,18:16:16.42,us5577.nordvpn.com.udp.ovpn,
01/13/2021,18:17:42.53,us5851.nordvpn.com.udp.ovpn,11
01/15/2021, 9:49:14.29,us5577.nordvpn.com.udp.ovpn,15
01/15/2021,10:00:03.79,us6751.nordvpn.com.udp.ovpn,11
01/15/2021,15:39:17.71,us5851.nordvpn.com.udp.ovpn,11
01/16/2021,12:51:58.67,us5851.nordvpn.com.udp.ovpn,11
01/16/2021,12:52:10.22,us5851.nordvpn.com.udp.ovpn,10
01/16/2021,18:40:31.71,us5851.nordvpn.com.udp.ovpn,10
01/18/2021,17:49:50.32,us5850.nordvpn.com.udp.ovpn,10
01/18/2021,17:50:02.36,us5851.nordvpn.com.udp.ovpn,12
01/18/2021,20:48:57.30,us5851.nordvpn.com.udp.ovpn,10
01/18/2021,20:51:27.21,us5851.nordvpn.com.udp.ovpn,11
01/19/2021, 4:40:13.68,us5850.nordvpn.com.udp.ovpn,11
01/21/2021,18:52:30.58,us5851.nordvpn.com.udp.ovpn,11
01/22/2021,11:32:16.60,us5851.nordvpn.com.udp.ovpn,10
01/26/2021,18:45:07.47,us5861.nordvpn.com.udp.ovpn,13
01/27/2021,17:34:01.59,us5850.nordvpn.com.udp.ovpn,10
01/28/2021,17:08:20.60,us5850.nordvpn.com.udp.ovpn,10
01/28/2021,18:36:43.63,us5850.nordvpn.com.udp.ovpn,10
01/28/2021,22:05:51.60,us5850.nordvpn.com.udp.ovpn,11
01/29/2021,18:29:01.60,us6754.nordvpn.com.udp.ovpn,11
01/30/2021, 5:29:12.36,us5850.nordvpn.com.udp.ovpn,11
01/30/2021, 9:44:48.35,us5851.nordvpn.com.udp.ovpn,10
01/31/2021,10:09:37.69,us5851.nordvpn.com.udp.ovpn,10
01/31/2021,10:45:29.70,us5851.nordvpn.com.udp.ovpn,11
01/31/2021,19:03:59.80,us5851.nordvpn.com.udp.ovpn,11
01/31/2021,19:04:49.80,us5850.nordvpn.com.udp.ovpn,11
02/03/2021,16:04:46.25,us6751.nordvpn.com.udp.ovpn,13
02/05/2021,20:38:16.79,us5851.nordvpn.com.udp.ovpn,10
02/06/2021,14:59:41.80,us5850.nordvpn.com.udp.ovpn,12
02/07/2021,17:53:06.72,us5850.nordvpn.com.udp.ovpn,10
02/09/2021,17:56:17.56,us5850.nordvpn.com.udp.ovpn,10
02/11/2021,21:46:30.82,us5850.nordvpn.com.udp.ovpn,11
02/11/2021,21:54:50.49,us5850.nordvpn.com.udp.ovpn,12
02/11/2021,21:59:25.06,us5850.nordvpn.com.udp.ovpn,12
02/12/2021,20:03:51.75,us5851.nordvpn.com.udp.ovpn,10
02/12/2021,20:05:41.30,us5850.nordvpn.com.udp.ovpn,11
02/12/2021,22:19:49.75,us5851.nordvpn.com.udp.ovpn,10
02/13/2021,15:42:55.25,us5850.nordvpn.com.udp.ovpn,10
02/14/2021,19:57:53.28,us5851.nordvpn.com.udp.ovpn,10
02/15/2021,11:17:32.06,us5850.nordvpn.com.udp.ovpn,11
02/16/2021,16:02:05.12,us5850.nordvpn.com.udp.ovpn,12
02/17/2021,17:44:35.68,us5850.nordvpn.com.udp.ovpn,11
02/19/2021,20:28:24.51,us6752.nordvpn.com.udp.ovpn,11
02/20/2021,14:25:16.28,us5851.nordvpn.com.udp.ovpn,12
02/21/2021,21:17:19.34,us5850.nordvpn.com.udp.ovpn,10
02/22/2021,18:07:51.42,us5861.nordvpn.com.udp.ovpn,1000
02/22/2021,18:40:37.80,us5850.nordvpn.com.udp.ovpn,10
02/22/2021,18:51:38.76,us5851.nordvpn.com.udp.ovpn,10
02/23/2021,16:08:14.37,us6752.nordvpn.com.udp.ovpn,13
02/23/2021,18:58:10.36,us5851.nordvpn.com.udp.ovpn,10
02/24/2021,16:54:19.85,us5850.nordvpn.com.udp.ovpn,12
02/25/2021,15:32:28.84,us5851.nordvpn.com.udp.ovpn,10
02/26/2021,16:38:26.67,us5850.nordvpn.com.udp.ovpn,12
02/27/2021,20:43:18.59,us5851.nordvpn.com.udp.ovpn,11
02/28/2021,10:01:39.52,us5850.nordvpn.com.udp.ovpn,10
02/28/2021,17:10:17.65,us5861.nordvpn.com.udp.ovpn,11
03/02/2021,19:16:04.36,us5850.nordvpn.com.udp.ovpn,12
03/03/2021,15:33:28.34,us5850.nordvpn.com.udp.ovpn,12
03/04/2021,17:54:50.32,us5851.nordvpn.com.udp.ovpn,10
03/07/2021,16:49:15.44,us6752.nordvpn.com.udp.ovpn,10
03/07/2021,20:47:04.46,us5851.nordvpn.com.udp.ovpn,10
03/08/2021,16:59:00.45,us5850.nordvpn.com.udp.ovpn,10
03/10/2021, 9:49:50.80,us5850.nordvpn.com.udp.ovpn,12
03/10/2021,17:55:14.82,us5861.nordvpn.com.udp.ovpn,14
03/10/2021,17:56:08.77,us5850.nordvpn.com.udp.ovpn,10
03/11/2021,17:05:54.88,us5851.nordvpn.com.udp.ovpn,12
03/12/2021,12:19:53.26,us5850.nordvpn.com.udp.ovpn,11
03/12/2021,18:19:54.26,us5850.nordvpn.com.udp.ovpn,10
03/13/2021,19:14:20.77,us6751.nordvpn.com.udp.ovpn,12
03/14/2021,18:16:44.25,us5850.nordvpn.com.udp.ovpn,10
03/15/2021,16:10:32.29,us6752.nordvpn.com.udp.ovpn,10
03/16/2021,17:25:36.34,us5851.nordvpn.com.udp.ovpn,11
03/17/2021,16:55:34.25,us5850.nordvpn.com.udp.ovpn,12
03/18/2021,21:13:45.25,us5851.nordvpn.com.udp.ovpn,10
03/19/2021,22:16:34.56,us6752.nordvpn.com.udp.ovpn,11
03/20/2021,11:30:18.48,us5850.nordvpn.com.udp.ovpn,10
03/20/2021,16:03:38.50,us5851.nordvpn.com.udp.ovpn,11
03/20/2021,20:10:02.55,us6752.nordvpn.com.udp.ovpn,10
03/21/2021,13:57:44.51,us5850.nordvpn.com.udp.ovpn,12
03/21/2021,14:06:22.48,us5850.nordvpn.com.udp.ovpn,10
03/21/2021,16:25:17.49,us5850.nordvpn.com.udp.ovpn,10
03/21/2021,22:37:02.68,us5850.nordvpn.com.udp.ovpn,14
03/22/2021,12:46:45.74,us6751.nordvpn.com.udp.ovpn,11
03/22/2021,16:52:53.71,us5850.nordvpn.com.udp.ovpn,10
03/22/2021,20:34:31.80,us5851.nordvpn.com.udp.ovpn,10
03/22/2021,20:56:57.73,us6751.nordvpn.com.udp.ovpn,12
03/23/2021,16:25:14.79,us5850.nordvpn.com.udp.ovpn,12
03/23/2021,17:26:00.81,us6754.nordvpn.com.udp.ovpn,280
03/23/2021,17:36:31.70,us6754.nordvpn.com.udp.ovpn,280
03/23/2021,17:46:15.72,us6752.nordvpn.com.udp.ovpn,11
03/24/2021, 6:40:31.72,us5850.nordvpn.com.udp.ovpn,11
03/24/2021, 9:04:40.72,us5850.nordvpn.com.udp.ovpn,11
03/24/2021,19:32:32.79,us5851.nordvpn.com.udp.ovpn,12
03/25/2021,17:35:29.00,us5851.nordvpn.com.udp.ovpn,11
03/26/2021,16:04:15.44,us5851.nordvpn.com.udp.ovpn,10
03/26/2021,19:34:17.46,us5850.nordvpn.com.udp.ovpn,10
03/26/2021,21:36:28.53,us6752.nordvpn.com.udp.ovpn,11
03/27/2021,16:05:19.47,us6751.nordvpn.com.udp.ovpn,12
03/27/2021,17:52:21.98,us6752.nordvpn.com.udp.ovpn,11
03/28/2021,13:18:30.53,us6752.nordvpn.com.udp.ovpn,11
03/28/2021,21:28:47.03,us5850.nordvpn.com.udp.ovpn,11
03/29/2021,16:45:26.03,us6752.nordvpn.com.udp.ovpn,10
03/29/2021,20:26:09.53,us5850.nordvpn.com.udp.ovpn,12
03/30/2021,20:21:05.04,us6752.nordvpn.com.udp.ovpn,12
03/31/2021,15:35:48.18,us5850.nordvpn.com.udp.ovpn,10
04/02/2021,19:41:33.12,us6751.nordvpn.com.udp.ovpn,11
04/02/2021,20:36:28.16,us5851.nordvpn.com.udp.ovpn,11
04/03/2021,14:22:46.32,us5851.nordvpn.com.udp.ovpn,12
04/03/2021,23:08:57.30,us5851.nordvpn.com.udp.ovpn,10
04/04/2021,12:46:58.32,us5850.nordvpn.com.udp.ovpn,10
04/05/2021,17:27:01.33,us5850.nordvpn.com.udp.ovpn,11
04/06/2021,16:53:27.43,us5850.nordvpn.com.udp.ovpn,11
04/07/2021,17:50:23.48,us5861.nordvpn.com.udp.ovpn,1000
04/07/2021,18:24:21.43,us6752.nordvpn.com.udp.ovpn,10
04/07/2021,20:42:53.45,us5850.nordvpn.com.udp.ovpn,12
04/08/2021,16:36:35.43,us6752.nordvpn.com.udp.ovpn,10
04/09/2021,21:41:47.09,us5850.nordvpn.com.udp.ovpn,10
04/09/2021,23:56:30.10,us5850.nordvpn.com.udp.ovpn,10
04/10/2021,11:04:25.10,us6752.nordvpn.com.udp.ovpn,11
04/10/2021,19:10:14.12,us5850.nordvpn.com.udp.ovpn,11
04/10/2021,19:52:08.11,us5861.nordvpn.com.udp.ovpn,12
04/11/2021, 6:08:42.11,us5850.nordvpn.com.udp.ovpn,11
04/11/2021,16:05:22.10,us5850.nordvpn.com.udp.ovpn,11
04/11/2021,17:20:30.11,us6751.nordvpn.com.udp.ovpn,12
04/12/2021,14:54:52.92,us5861.nordvpn.com.udp.ovpn,15
04/13/2021, 6:35:56.76,us5851.nordvpn.com.udp.ovpn,11
04/13/2021,17:31:59.68,us5861.nordvpn.com.udp.ovpn,15
04/14/2021,19:05:35.73,us5850.nordvpn.com.udp.ovpn,10
04/14/2021,20:46:06.94,us5851.nordvpn.com.udp.ovpn,12
04/14/2021,21:11:49.92,us5851.nordvpn.com.udp.ovpn,11
04/15/2021,14:15:44.92,us5850.nordvpn.com.udp.ovpn,12
04/15/2021,20:07:22.01,us5850.nordvpn.com.udp.ovpn,12
04/16/2021, 6:49:33.71,us5850.nordvpn.com.udp.ovpn,10
04/16/2021,17:55:06.71,us5851.nordvpn.com.udp.ovpn,10
04/16/2021,20:33:38.73,us6752.nordvpn.com.udp.ovpn,11
04/17/2021, 0:01:24.31,us5851.nordvpn.com.udp.ovpn,11
04/17/2021, 9:50:57.79,us5851.nordvpn.com.udp.ovpn,10
04/18/2021,15:49:54.71,us5850.nordvpn.com.udp.ovpn,11
04/18/2021,19:10:42.77,us5850.nordvpn.com.udp.ovpn,11
04/18/2021,20:39:06.83,us5850.nordvpn.com.udp.ovpn,12
04/19/2021,17:20:14.82,us5851.nordvpn.com.udp.ovpn,10
04/19/2021,20:32:43.83,us5851.nordvpn.com.udp.ovpn,10
04/19/2021,22:52:04.78,us6752.nordvpn.com.udp.ovpn,10
04/19/2021,23:30:32.75,us6752.nordvpn.com.udp.ovpn,10
04/20/2021,13:34:25.75,us6752.nordvpn.com.udp.ovpn,10
04/20/2021,16:32:48.70,us5851.nordvpn.com.udp.ovpn,10
04/20/2021,17:43:49.78,us5861.nordvpn.com.udp.ovpn,12
04/21/2021,15:56:26.72,us5851.nordvpn.com.udp.ovpn,11
04/21/2021,19:19:08.79,us5850.nordvpn.com.udp.ovpn,11
04/21/2021,20:50:23.70,us5861.nordvpn.com.udp.ovpn,11
04/22/2021,15:28:36.68,us5851.nordvpn.com.udp.ovpn,10
04/22/2021,16:49:33.68,us5850.nordvpn.com.udp.ovpn,10
04/22/2021,19:32:11.72,us6752.nordvpn.com.udp.ovpn,10
04/23/2021,13:24:36.89,us5850.nordvpn.com.udp.ovpn,11
04/23/2021,16:00:34.77,us5861.nordvpn.com.udp.ovpn,12
04/23/2021,18:25:57.05,us6757.nordvpn.com.udp.ovpn,10
04/24/2021, 6:17:37.67,us5850.nordvpn.com.udp.ovpn,10
04/24/2021,17:35:47.70,us5850.nordvpn.com.udp.ovpn,10
04/25/2021,11:15:40.79,us5851.nordvpn.com.udp.ovpn,11
04/25/2021,14:48:33.69,us5851.nordvpn.com.udp.ovpn,10
04/25/2021,16:39:28.74,us5851.nordvpn.com.udp.ovpn,11
04/26/2021,18:51:29.78,us5851.nordvpn.com.udp.ovpn,10
04/26/2021,20:57:34.72,us5851.nordvpn.com.udp.ovpn,11
04/27/2021, 6:42:03.72,us5850.nordvpn.com.udp.ovpn,10
04/27/2021, 8:07:33.97,us5850.nordvpn.com.udp.ovpn,10
04/27/2021, 8:28:40.00,us5851.nordvpn.com.udp.ovpn,11
04/27/2021,16:39:10.97,us5861.nordvpn.com.udp.ovpn,14
04/28/2021, 7:15:53.74,us8564.nordvpn.com.udp.ovpn,10
04/28/2021, 7:18:23.77,us5861.nordvpn.com.udp.ovpn,10
04/28/2021,16:56:42.82,us5851.nordvpn.com.udp.ovpn,11
04/28/2021,20:47:02.80,us8564.nordvpn.com.udp.ovpn,11
04/29/2021,10:04:41.85,us8564.nordvpn.com.udp.ovpn,10
04/30/2021,15:31:34.86,us6752.nordvpn.com.udp.ovpn,10
04/30/2021,18:56:50.85,us8564.nordvpn.com.udp.ovpn,10
05/01/2021, 6:03:29.72,us5861.nordvpn.com.udp.ovpn,11
05/01/2021,11:23:39.80,us5850.nordvpn.com.udp.ovpn,10
05/01/2021,12:25:54.77,us8564.nordvpn.com.udp.ovpn,10
05/01/2021,13:29:33.76,us5850.nordvpn.com.udp.ovpn,10
05/01/2021,19:10:48.78,us5851.nordvpn.com.udp.ovpn,10
05/02/2021,10:18:59.81,us5850.nordvpn.com.udp.ovpn,10
05/02/2021,18:35:09.94,us5850.nordvpn.com.udp.ovpn,10
05/02/2021,21:16:12.95,us5861.nordvpn.com.udp.ovpn,13
05/03/2021,11:27:43.84,us5850.nordvpn.com.udp.ovpn,10
05/03/2021,11:52:15.89,us5850.nordvpn.com.udp.ovpn,11
05/03/2021,13:43:55.92,us5850.nordvpn.com.udp.ovpn,12
05/03/2021,16:06:40.87,us5851.nordvpn.com.udp.ovpn,11
05/04/2021, 3:20:29.78,us5850.nordvpn.com.udp.ovpn,10
05/04/2021, 9:25:51.90,us5850.nordvpn.com.udp.ovpn,11
05/04/2021,16:25:15.81,us5850.nordvpn.com.udp.ovpn,11
05/04/2021,17:03:24.82,us5850.nordvpn.com.udp.ovpn,10
05/04/2021,17:13:35.79,us6752.nordvpn.com.udp.ovpn,10
05/04/2021,17:24:27.87,us5851.nordvpn.com.udp.ovpn,10
05/05/2021,13:11:11.86,us6751.nordvpn.com.udp.ovpn,12
05/05/2021,17:09:15.81,us6752.nordvpn.com.udp.ovpn,11
05/05/2021,18:48:43.50,us6757.nordvpn.com.udp.ovpn,11
05/05/2021,22:22:01.84,us5850.nordvpn.com.udp.ovpn,11
05/06/2021, 8:33:01.87,us5850.nordvpn.com.udp.ovpn,10
05/07/2021, 5:43:20.78,us5851.nordvpn.com.udp.ovpn,10
05/07/2021, 7:51:42.86,us5850.nordvpn.com.udp.ovpn,11
05/07/2021,15:34:35.80,us5861.nordvpn.com.udp.ovpn,10
05/07/2021,17:24:15.77,us6751.nordvpn.com.udp.ovpn,10
05/07/2021,18:54:05.73,us5861.nordvpn.com.udp.ovpn,11
05/07/2021,20:14:05.89,us5861.nordvpn.com.udp.ovpn,11
05/08/2021, 7:06:31.83,us8564.nordvpn.com.udp.ovpn,11
05/08/2021,16:11:15.96,us6752.nordvpn.com.udp.ovpn,11
05/09/2021, 7:20:17.29,us6752.nordvpn.com.udp.ovpn,10
05/09/2021,11:54:54.83,us8564.nordvpn.com.udp.ovpn,10
05/09/2021,16:18:50.30,us5851.nordvpn.com.udp.ovpn,10
05/09/2021,18:19:02.83,us6752.nordvpn.com.udp.ovpn,11
05/09/2021,19:40:44.90,us5850.nordvpn.com.udp.ovpn,10
05/10/2021,15:50:11.82,us5850.nordvpn.com.udp.ovpn,11
05/10/2021,21:06:10.86,us8564.nordvpn.com.udp.ovpn,11
05/10/2021,21:58:15.88,us5851.nordvpn.com.udp.ovpn,11
05/11/2021,19:10:15.84,us6752.nordvpn.com.udp.ovpn,11
05/11/2021,22:47:06.88,us8564.nordvpn.com.udp.ovpn,11
05/13/2021,21:02:29.81,us5861.nordvpn.com.udp.ovpn,12
05/14/2021, 6:33:18.83,us6752.nordvpn.com.udp.ovpn,11
05/14/2021, 6:37:11.70,us5850.nordvpn.com.udp.ovpn,10
05/14/2021, 6:41:36.90,us8564.nordvpn.com.udp.ovpn,12
05/14/2021,11:26:54.82,us6752.nordvpn.com.udp.ovpn,10
05/14/2021,11:54:58.86,us6752.nordvpn.com.udp.ovpn,11
05/14/2021,12:49:04.82,us8564.nordvpn.com.udp.ovpn,10
05/14/2021,15:36:07.82,us5851.nordvpn.com.udp.ovpn,12
05/14/2021,18:23:10.79,us5850.nordvpn.com.udp.ovpn,10
05/15/2021,17:38:53.87,us5850.nordvpn.com.udp.ovpn,10
05/16/2021,14:02:25.84,us8564.nordvpn.com.udp.ovpn,12
05/16/2021,16:18:10.84,us5850.nordvpn.com.udp.ovpn,10
05/17/2021,17:26:01.78,us6752.nordvpn.com.udp.ovpn,11
05/18/2021,18:19:41.82,us5851.nordvpn.com.udp.ovpn,11
05/19/2021,14:40:49.82,us5850.nordvpn.com.udp.ovpn,11
05/19/2021,21:35:00.90,us5851.nordvpn.com.udp.ovpn,11
05/20/2021,12:06:46.84,us5850.nordvpn.com.udp.ovpn,10
05/20/2021,19:51:26.76,us6752.nordvpn.com.udp.ovpn,10
05/21/2021,15:39:39.81,us5851.nordvpn.com.udp.ovpn,10
05/22/2021,13:51:23.80,us5850.nordvpn.com.udp.ovpn,10
05/22/2021,15:34:17.78,us5851.nordvpn.com.udp.ovpn,11
05/22/2021,20:35:24.75,us5850.nordvpn.com.udp.ovpn,10
05/23/2021,10:32:24.91,us6752.nordvpn.com.udp.ovpn,11
05/23/2021,18:07:21.88,us5851.nordvpn.com.udp.ovpn,10
05/23/2021,21:12:12.74,us5851.nordvpn.com.udp.ovpn,10
05/23/2021,21:12:28.71,us5850.nordvpn.com.udp.ovpn,11
05/23/2021,23:01:56.80,us5850.nordvpn.com.udp.ovpn,10
05/24/2021,20:49:20.98,us6751.nordvpn.com.udp.ovpn,13
05/26/2021,20:30:01.86,us5851.nordvpn.com.udp.ovpn,11
05/27/2021,21:49:55.32,us5850.nordvpn.com.udp.ovpn,11
05/28/2021,13:16:20.86,us6752.nordvpn.com.udp.ovpn,12
05/28/2021,20:46:54.81,us5851.nordvpn.com.udp.ovpn,10
05/30/2021,12:59:27.83,us5851.nordvpn.com.udp.ovpn,10
05/30/2021,13:47:39.83,us6752.nordvpn.com.udp.ovpn,11
05/31/2021,13:07:32.76,us5850.nordvpn.com.udp.ovpn,10
06/01/2021,19:21:50.80,us5851.nordvpn.com.udp.ovpn,10
06/02/2021,19:35:39.82,us5850.nordvpn.com.udp.ovpn,12
06/03/2021,14:06:50.00,us8564.nordvpn.com.udp.ovpn,14
06/03/2021,18:18:55.01,us5851.nordvpn.com.udp.ovpn,11
06/04/2021,14:50:23.84,us5851.nordvpn.com.udp.ovpn,12
06/04/2021,16:10:04.76,us5851.nordvpn.com.udp.ovpn,10
06/04/2021,18:56:52.78,us8564.nordvpn.com.udp.ovpn,10
06/05/2021, 7:17:35.78,us5850.nordvpn.com.udp.ovpn,10
06/05/2021,20:03:37.57,us8564.nordvpn.com.udp.ovpn,11
06/05/2021,21:41:15.92,us8564.nordvpn.com.udp.ovpn,10
06/06/2021,11:58:11.91,us5850.nordvpn.com.udp.ovpn,10
06/06/2021,12:59:55.84,us5850.nordvpn.com.udp.ovpn,12
06/06/2021,20:51:30.82,us5850.nordvpn.com.udp.ovpn,10
06/07/2021,15:03:08.80,us5850.nordvpn.com.udp.ovpn,10
06/07/2021,19:29:14.81,us5861.nordvpn.com.udp.ovpn,12
06/08/2021,15:54:40.82,us5851.nordvpn.com.udp.ovpn,11
06/08/2021,20:43:39.78,us6752.nordvpn.com.udp.ovpn,10
06/09/2021,16:17:27.89,us5850.nordvpn.com.udp.ovpn,11
06/10/2021,18:04:45.78,us8564.nordvpn.com.udp.ovpn,10
06/11/2021,16:34:25.78,us6752.nordvpn.com.udp.ovpn,10
06/12/2021,12:07:46.81,us5850.nordvpn.com.udp.ovpn,11
06/12/2021,12:38:55.83,us6752.nordvpn.com.udp.ovpn,10
06/12/2021,18:28:39.74,us5850.nordvpn.com.udp.ovpn,10
06/13/2021, 1:07:31.77,us5850.nordvpn.com.udp.ovpn,10
06/13/2021,17:06:42.79,us5851.nordvpn.com.udp.ovpn,10
06/14/2021,17:02:37.76,us6752.nordvpn.com.udp.ovpn,10
06/14/2021,21:41:43.82,us8564.nordvpn.com.udp.ovpn,10
06/15/2021,15:33:25.96,us5850.nordvpn.com.udp.ovpn,11
06/15/2021,17:34:31.75,us5850.nordvpn.com.udp.ovpn,11
06/16/2021,11:00:29.84,us5850.nordvpn.com.udp.ovpn,10
06/16/2021,15:22:42.87,us5851.nordvpn.com.udp.ovpn,10
06/16/2021,15:59:36.99,us5850.nordvpn.com.udp.ovpn,12
06/17/2021,15:32:01.85,us5850.nordvpn.com.udp.ovpn,10
06/18/2021,12:38:32.85,us5851.nordvpn.com.udp.ovpn,11
06/18/2021,21:11:22.83,us8564.nordvpn.com.udp.ovpn,10
06/19/2021, 1:44:20.88,us5850.nordvpn.com.udp.ovpn,10
06/19/2021,13:14:51.87,us5850.nordvpn.com.udp.ovpn,12
06/19/2021,21:10:27.80,us6752.nordvpn.com.udp.ovpn,10
06/20/2021,20:54:15.51,us5851.nordvpn.com.udp.ovpn,10
06/21/2021,20:05:12.89,us6752.nordvpn.com.udp.ovpn,10
06/21/2021,22:13:07.89,us5850.nordvpn.com.udp.ovpn,10
06/22/2021,13:44:17.57,us5850.nordvpn.com.udp.ovpn,11
06/22/2021,15:21:40.87,us5850.nordvpn.com.udp.ovpn,10
06/22/2021,20:55:48.92,us6751.nordvpn.com.udp.ovpn,12
06/23/2021,15:51:44.92,us6752.nordvpn.com.udp.ovpn,10
06/23/2021,15:56:22.91,us5851.nordvpn.com.udp.ovpn,11
06/23/2021,16:31:53.99,us5390.nordvpn.com.udp.ovpn,14
06/23/2021,18:39:45.93,us5850.nordvpn.com.udp.ovpn,10
06/23/2021,20:44:08.85,us5851.nordvpn.com.udp.ovpn,11
06/23/2021,23:15:59.88,us6752.nordvpn.com.udp.ovpn,10
06/24/2021, 6:50:22.89,us5390.nordvpn.com.udp.ovpn,13
06/24/2021,13:52:59.93,us5851.nordvpn.com.udp.ovpn,10
06/24/2021,14:50:16.90,us5390.nordvpn.com.udp.ovpn,11
06/24/2021,22:21:56.82,us6752.nordvpn.com.udp.ovpn,10
06/26/2021,22:30:54.83,us5851.nordvpn.com.udp.ovpn,11
06/28/2021,22:11:45.88,us8564.nordvpn.com.udp.ovpn,10
06/29/2021,21:12:43.89,us6752.nordvpn.com.udp.ovpn,10
07/02/2021,20:54:48.87,us5850.nordvpn.com.udp.ovpn,10
07/03/2021,17:56:10.88,us6752.nordvpn.com.udp.ovpn,11
07/05/2021,18:55:46.88,us5851.nordvpn.com.udp.ovpn,10
07/05/2021,20:30:41.89,us5850.nordvpn.com.udp.ovpn,10
07/06/2021,21:25:06.44,us5851.nordvpn.com.udp.ovpn,10
07/08/2021, 0:05:55.84,us5850.nordvpn.com.udp.ovpn,11
07/08/2021,21:49:49.38,us6752.nordvpn.com.udp.ovpn,12
07/08/2021,23:02:44.88,us5850.nordvpn.com.udp.ovpn,11
07/09/2021,21:16:41.02,us5850.nordvpn.com.udp.ovpn,10
07/10/2021,18:52:43.80,us5851.nordvpn.com.udp.ovpn,10
07/10/2021,19:55:37.95,us6752.nordvpn.com.udp.ovpn,13
07/11/2021,16:10:47.87,us5850.nordvpn.com.udp.ovpn,11
07/11/2021,19:59:15.95,us8564.nordvpn.com.udp.ovpn,11
07/11/2021,20:01:56.84,us5850.nordvpn.com.udp.ovpn,10
07/11/2021,21:42:52.93,us8564.nordvpn.com.udp.ovpn,11
07/12/2021, 5:39:40.84,us5850.nordvpn.com.udp.ovpn,10
07/12/2021,19:02:14.80,us8564.nordvpn.com.udp.ovpn,10
07/13/2021,20:53:58.84,us5851.nordvpn.com.udp.ovpn,11
07/14/2021, 6:00:13.81,us6752.nordvpn.com.udp.ovpn,11
07/14/2021,22:07:07.88,us6752.nordvpn.com.udp.ovpn,10
07/15/2021,21:14:55.82,us5850.nordvpn.com.udp.ovpn,10
07/16/2021,15:45:17.87,us5851.nordvpn.com.udp.ovpn,10
07/16/2021,21:07:37.85,us5850.nordvpn.com.udp.ovpn,10
07/18/2021,19:20:12.83,us5850.nordvpn.com.udp.ovpn,11
07/19/2021,21:23:11.00,us5390.nordvpn.com.udp.ovpn,11
07/21/2021,20:28:07.92,us5850.nordvpn.com.udp.ovpn,11
07/22/2021,18:53:55.85,us5851.nordvpn.com.udp.ovpn,10
07/22/2021,21:30:13.40,us8564.nordvpn.com.udp.ovpn,12
07/23/2021,23:21:23.81,us6752.nordvpn.com.udp.ovpn,10
07/25/2021,13:33:48.83,us5850.nordvpn.com.udp.ovpn,11
07/26/2021,21:18:23.90,us8564.nordvpn.com.udp.ovpn,10
07/27/2021, 9:35:55.93,us6752.nordvpn.com.udp.ovpn,11
07/27/2021,16:53:14.84,us5390.nordvpn.com.udp.ovpn,10
07/28/2021, 5:58:01.86,us5851.nordvpn.com.udp.ovpn,10
07/28/2021,13:31:32.75,us8564.nordvpn.com.udp.ovpn,12
07/28/2021,18:36:31.93,us5390.nordvpn.com.udp.ovpn,11
07/28/2021,18:36:57.91,us5850.nordvpn.com.udp.ovpn,11
07/29/2021,16:22:35.91,us6752.nordvpn.com.udp.ovpn,11
07/29/2021,21:13:31.21,us5390.nordvpn.com.udp.ovpn,14
07/30/2021,15:27:04.90,us5390.nordvpn.com.udp.ovpn,11
07/30/2021,23:22:02.06,us5850.nordvpn.com.udp.ovpn,10
07/31/2021,15:43:18.81,us6752.nordvpn.com.udp.ovpn,10
07/31/2021,17:44:18.88,us5850.nordvpn.com.udp.ovpn,10
07/31/2021,19:45:10.89,us5850.nordvpn.com.udp.ovpn,10
07/31/2021,22:23:31.84,us5851.nordvpn.com.udp.ovpn,10
08/01/2021,21:33:23.87,us8564.nordvpn.com.udp.ovpn,10
08/01/2021,22:04:21.89,us5851.nordvpn.com.udp.ovpn,10
08/02/2021,11:23:07.86,us5861.nordvpn.com.udp.ovpn,12
08/04/2021,20:28:27.17,us5850.nordvpn.com.udp.ovpn,10
08/04/2021,21:40:22.66,us8564.nordvpn.com.udp.ovpn,11
08/05/2021,11:19:03.15,us5850.nordvpn.com.udp.ovpn,11
08/08/2021,20:41:08.50,us5850.nordvpn.com.udp.ovpn,10
08/09/2021,18:55:29.46,us8564.nordvpn.com.udp.ovpn,11
08/10/2021,19:10:04.77,us5850.nordvpn.com.udp.ovpn,12
08/10/2021,20:02:53.86,us6752.nordvpn.com.udp.ovpn,11
08/10/2021,21:39:41.74,us5850.nordvpn.com.udp.ovpn,11
08/11/2021,19:11:26.76,us6752.nordvpn.com.udp.ovpn,10
08/12/2021,18:11:40.66,us8564.nordvpn.com.udp.ovpn,10
08/13/2021, 0:55:20.47,us5850.nordvpn.com.udp.ovpn,10
08/13/2021,16:43:46.56,us5851.nordvpn.com.udp.ovpn,10
08/13/2021,22:54:36.74,us5850.nordvpn.com.udp.ovpn,16
08/14/2021,20:58:37.63,us5850.nordvpn.com.udp.ovpn,11
08/15/2021, 9:29:42.49,us5850.nordvpn.com.udp.ovpn,12
08/15/2021,21:21:44.48,us5850.nordvpn.com.udp.ovpn,10
08/15/2021,22:00:53.46,us5850.nordvpn.com.udp.ovpn,10
08/15/2021,23:28:28.45,us5850.nordvpn.com.udp.ovpn,10
08/15/2021,23:57:27.47,us5850.nordvpn.com.udp.ovpn,10
08/16/2021, 5:35:04.45,us8564.nordvpn.com.udp.ovpn,10
08/16/2021,14:59:14.56,us8564.nordvpn.com.udp.ovpn,10
08/16/2021,21:27:20.50,us5850.nordvpn.com.udp.ovpn,11
08/17/2021,16:31:39.43,us8564.nordvpn.com.udp.ovpn,10
08/17/2021,20:07:14.56,us5851.nordvpn.com.udp.ovpn,10
08/17/2021,23:22:34.44,us5850.nordvpn.com.udp.ovpn,11
08/18/2021,12:14:42.50,us5861.nordvpn.com.udp.ovpn,12
08/18/2021,19:00:34.42,us5851.nordvpn.com.udp.ovpn,10
08/18/2021,21:20:06.65,us6752.nordvpn.com.udp.ovpn,12
08/20/2021,21:08:41.71,us5851.nordvpn.com.udp.ovpn,12
08/21/2021,15:38:43.37,us5850.nordvpn.com.udp.ovpn,11
08/21/2021,22:40:03.90,us8564.nordvpn.com.udp.ovpn,11
08/22/2021,17:17:43.50,us6752.nordvpn.com.udp.ovpn,10
08/22/2021,21:11:50.49,us6752.nordvpn.com.udp.ovpn,10
08/22/2021,21:45:19.92,us6752.nordvpn.com.udp.ovpn,10
08/23/2021,19:03:08.50,us6752.nordvpn.com.udp.ovpn,11
08/23/2021,21:13:56.72,us5861.nordvpn.com.udp.ovpn,12
08/24/2021,21:35:05.81,us5850.nordvpn.com.udp.ovpn,10
08/24/2021,21:38:09.82,us6752.nordvpn.com.udp.ovpn,11
08/24/2021,23:08:47.82,us6752.nordvpn.com.udp.ovpn,10
08/25/2021,17:48:31.76,us5850.nordvpn.com.udp.ovpn,10
08/25/2021,20:55:46.56,us8564.nordvpn.com.udp.ovpn,10
08/26/2021,15:13:09.79,us5861.nordvpn.com.udp.ovpn,11
08/26/2021,15:51:38.80,us6752.nordvpn.com.udp.ovpn,10
08/26/2021,19:31:57.84,us6752.nordvpn.com.udp.ovpn,10
08/26/2021,21:38:42.84,us5851.nordvpn.com.udp.ovpn,12
08/27/2021,22:58:46.46,us5861.nordvpn.com.udp.ovpn,1000
08/27/2021,23:31:27.42,us5861.nordvpn.com.udp.ovpn,1000
08/28/2021,14:57:26.75,us6752.nordvpn.com.udp.ovpn,11
08/28/2021,15:47:26.72,us6752.nordvpn.com.udp.ovpn,10
08/28/2021,17:54:06.83,us8564.nordvpn.com.udp.ovpn,11
08/28/2021,17:54:58.84,us5850.nordvpn.com.udp.ovpn,11
08/28/2021,21:56:44.93,us5851.nordvpn.com.udp.ovpn,11
08/29/2021, 0:50:42.85,us5851.nordvpn.com.udp.ovpn,10
08/29/2021,14:53:09.75,us5851.nordvpn.com.udp.ovpn,11
08/29/2021,22:42:08.72,us5850.nordvpn.com.udp.ovpn,11
08/30/2021,21:11:04.49,us8564.nordvpn.com.udp.ovpn,10
08/31/2021,21:26:07.39,us5851.nordvpn.com.udp.ovpn,11
09/01/2021,14:26:17.90,us5850.nordvpn.com.udp.ovpn,11
09/01/2021,19:57:38.86,us6752.nordvpn.com.udp.ovpn,10
09/02/2021,17:52:20.84,us8564.nordvpn.com.udp.ovpn,10
09/02/2021,17:52:31.83,us8564.nordvpn.com.udp.ovpn,10
09/02/2021,18:29:11.84,us5850.nordvpn.com.udp.ovpn,10
09/03/2021,22:33:23.88,us5851.nordvpn.com.udp.ovpn,10
09/04/2021, 1:49:40.79,us6752.nordvpn.com.udp.ovpn,10
09/04/2021, 2:06:17.50,us5114.nordvpn.com.udp.ovpn,
09/04/2021,12:50:33.83,us5850.nordvpn.com.udp.ovpn,10
09/05/2021,11:03:09.86,us6751.nordvpn.com.udp.ovpn,11
09/05/2021,20:15:28.87,us6752.nordvpn.com.udp.ovpn,10
09/06/2021,20:25:20.87,us5851.nordvpn.com.udp.ovpn,13
09/06/2021,21:41:27.58,us8564.nordvpn.com.udp.ovpn,12
09/07/2021,11:44:55.86,us8564.nordvpn.com.udp.ovpn,10
09/07/2021,15:19:11.88,us6752.nordvpn.com.udp.ovpn,10
09/07/2021,20:29:47.76,us5851.nordvpn.com.udp.ovpn,10
09/08/2021,19:25:23.80,us5851.nordvpn.com.udp.ovpn,11
09/10/2021,14:23:12.85,us5861.nordvpn.com.udp.ovpn,12
09/10/2021,19:13:49.78,us5850.nordvpn.com.udp.ovpn,10
09/11/2021,21:33:43.90,us5850.nordvpn.com.udp.ovpn,11
09/12/2021,14:57:36.86,us5861.nordvpn.com.udp.ovpn,11
09/12/2021,19:52:23.90,us8564.nordvpn.com.udp.ovpn,10
09/13/2021,17:27:37.86,us8564.nordvpn.com.udp.ovpn,10
09/13/2021,23:21:46.85,us6752.nordvpn.com.udp.ovpn,10
09/14/2021, 6:35:58.56,us5850.nordvpn.com.udp.ovpn,10
09/14/2021,18:45:45.98,us6752.nordvpn.com.udp.ovpn,11
09/14/2021,21:25:11.89,us5861.nordvpn.com.udp.ovpn,10
09/14/2021,21:36:52.30,us5850.nordvpn.com.udp.ovpn,13
09/15/2021,13:26:24.99,us5850.nordvpn.com.udp.ovpn,10
09/16/2021,14:48:13.94,us5850.nordvpn.com.udp.ovpn,11
09/16/2021,16:58:35.00,us5850.nordvpn.com.udp.ovpn,10
09/16/2021,17:37:19.22,us5851.nordvpn.com.udp.ovpn,10
09/16/2021,18:01:31.88,us5851.nordvpn.com.udp.ovpn,10
09/17/2021, 8:36:00.96,us5850.nordvpn.com.udp.ovpn,10
09/19/2021,19:26:08.07,us6752.nordvpn.com.udp.ovpn,10
09/20/2021,12:53:07.20,us5850.nordvpn.com.udp.ovpn,10
09/20/2021,13:15:30.83,us6751.nordvpn.com.udp.ovpn,11
09/20/2021,15:23:05.88,us5850.nordvpn.com.udp.ovpn,10
09/20/2021,16:05:10.95,us5850.nordvpn.com.udp.ovpn,10
09/21/2021,18:54:13.83,us5850.nordvpn.com.udp.ovpn,12
09/22/2021,14:05:05.92,us6752.nordvpn.com.udp.ovpn,10
09/22/2021,16:33:37.79,us6752.nordvpn.com.udp.ovpn,10
09/23/2021,17:42:10.85,us5850.nordvpn.com.udp.ovpn,10
09/24/2021,22:37:04.80,us5850.nordvpn.com.udp.ovpn,10
09/25/2021,13:37:27.97,us5850.nordvpn.com.udp.ovpn,10
09/27/2021, 9:22:05.86,us6751.nordvpn.com.udp.ovpn,10
09/27/2021,12:09:59.06,us5850.nordvpn.com.udp.ovpn,11
09/29/2021,16:06:36.80,us5850.nordvpn.com.udp.ovpn,10
09/29/2021,20:33:07.92,us8564.nordvpn.com.udp.ovpn,11
09/29/2021,20:38:36.98,us6752.nordvpn.com.udp.ovpn,11
10/03/2021,18:46:39.68,us6752.nordvpn.com.udp.ovpn,10
10/04/2021,20:07:11.12,us5851.nordvpn.com.udp.ovpn,11
10/07/2021,16:53:31.01,us5851.nordvpn.com.udp.ovpn,12
10/08/2021,16:54:00.09,us5850.nordvpn.com.udp.ovpn,10
10/08/2021,23:09:53.93,us5850.nordvpn.com.udp.ovpn,10
10/10/2021,16:14:37.96,us5861.nordvpn.com.udp.ovpn,13
10/11/2021,18:00:56.97,us5850.nordvpn.com.udp.ovpn,11
10/12/2021,17:42:09.91,us5850.nordvpn.com.udp.ovpn,11
10/12/2021,20:09:16.92,us5850.nordvpn.com.udp.ovpn,10
10/13/2021,20:27:21.06,us5851.nordvpn.com.udp.ovpn,10
10/14/2021,21:36:16.96,us5850.nordvpn.com.udp.ovpn,11
10/15/2021,19:58:13.07,us6752.nordvpn.com.udp.ovpn,12
10/15/2021,20:40:19.92,us5850.nordvpn.com.udp.ovpn,10
10/15/2021,21:12:13.87,us8564.nordvpn.com.udp.ovpn,11
10/16/2021, 0:52:19.93,us5851.nordvpn.com.udp.ovpn,11
10/17/2021,13:11:28.03,us5851.nordvpn.com.udp.ovpn,12
10/17/2021,15:43:29.90,us5861.nordvpn.com.udp.ovpn,1000
10/17/2021,15:45:46.84,us5861.nordvpn.com.udp.ovpn,1000
10/17/2021,15:56:42.04,us5851.nordvpn.com.udp.ovpn,14
10/17/2021,16:07:28.03,us5851.nordvpn.com.udp.ovpn,12
10/20/2021,17:30:25.03,us5850.nordvpn.com.udp.ovpn,13
10/21/2021,20:04:09.26,us6757.nordvpn.com.udp.ovpn,16
10/22/2021, 8:47:02.04,us8564.nordvpn.com.udp.ovpn,12
10/22/2021,19:19:04.99,us5861.nordvpn.com.udp.ovpn,13
10/22/2021,19:51:17.76,us6752.nordvpn.com.udp.ovpn,19
10/22/2021,22:54:56.13,us6751.nordvpn.com.udp.ovpn,13
10/23/2021,17:07:36.04,us6752.nordvpn.com.udp.ovpn,13
10/23/2021,22:57:22.08,us6757.nordvpn.com.udp.ovpn,14
10/24/2021,12:21:42.08,us5850.nordvpn.com.udp.ovpn,11
10/24/2021,18:51:26.13,us6752.nordvpn.com.udp.ovpn,12
10/24/2021,21:02:31.12,us8564.nordvpn.com.udp.ovpn,11
10/25/2021,19:59:33.66,us5851.nordvpn.com.udp.ovpn,11
10/26/2021,21:30:15.11,us5850.nordvpn.com.udp.ovpn,14
10/27/2021, 6:59:19.17,us5850.nordvpn.com.udp.ovpn,11
10/27/2021,17:48:56.35,us8631.nordvpn.com.udp.ovpn,26
10/28/2021, 1:48:22.07,us6752.nordvpn.com.udp.ovpn,10
10/28/2021,10:29:45.05,us8564.nordvpn.com.udp.ovpn,12
10/30/2021,20:36:08.23,us5850.nordvpn.com.udp.ovpn,12
10/30/2021,21:27:07.12,us5850.nordvpn.com.udp.ovpn,15
10/30/2021,22:38:09.11,us8564.nordvpn.com.udp.ovpn,12
10/31/2021,19:29:43.29,us8564.nordvpn.com.udp.ovpn,12
11/01/2021,17:56:51.21,us5851.nordvpn.com.udp.ovpn,14
11/02/2021,17:04:23.13,us5861.nordvpn.com.udp.ovpn,12
11/03/2021,20:12:52.10,us6757.nordvpn.com.udp.ovpn,13
11/04/2021,12:52:03.09,us5850.nordvpn.com.udp.ovpn,13
11/04/2021,12:57:00.00,us5861.nordvpn.com.udp.ovpn,12
11/04/2021,13:01:49.01,us6757.nordvpn.com.udp.ovpn,12
11/04/2021,19:44:25.12,us5851.nordvpn.com.udp.ovpn,11
11/05/2021,14:34:59.16,us5851.nordvpn.com.udp.ovpn,13
11/05/2021,19:12:14.80,us6757.nordvpn.com.udp.ovpn,14
11/06/2021,14:28:56.06,us5850.nordvpn.com.udp.ovpn,12
11/06/2021,18:32:22.05,us5851.nordvpn.com.udp.ovpn,11
11/06/2021,20:30:38.04,us6752.nordvpn.com.udp.ovpn,11
11/07/2021,10:47:58.13,us8564.nordvpn.com.udp.ovpn,11
11/07/2021,12:51:22.98,us8564.nordvpn.com.udp.ovpn,11
11/07/2021,14:04:37.99,us5851.nordvpn.com.udp.ovpn,12
11/07/2021,17:05:42.09,us8564.nordvpn.com.udp.ovpn,12
11/07/2021,19:08:37.04,us8564.nordvpn.com.udp.ovpn,13
11/08/2021,19:57:48.10,us5861.nordvpn.com.udp.ovpn,14
11/09/2021,13:33:04.02,us8564.nordvpn.com.udp.ovpn,13
11/09/2021,14:51:45.08,us5850.nordvpn.com.udp.ovpn,13
11/11/2021,21:02:59.11,us6752.nordvpn.com.udp.ovpn,10
11/11/2021,21:38:04.18,us5850.nordvpn.com.udp.ovpn,12
11/26/2021,11:15:52.03,us5850.nordvpn.com.udp.ovpn,12
11/27/2021,20:30:39.22,us6751.nordvpn.com.udp.ovpn,16
11/29/2021,14:13:03.06,us5851.nordvpn.com.udp.ovpn,12
12/04/2021,21:35:37.04,us8564.nordvpn.com.udp.ovpn,11
12/10/2021,20:17:33.08,us6752.nordvpn.com.udp.ovpn,12
12/19/2021,11:37:40.71,us5850.nordvpn.com.udp.ovpn,13
12/20/2021,13:34:59.00,us6757.nordvpn.com.udp.ovpn,14
12/20/2021,20:24:27.27,us5861.nordvpn.com.udp.ovpn,14
12/21/2021,18:37:49.00,us5851.nordvpn.com.udp.ovpn,12
12/21/2021,18:55:01.16,us6757.nordvpn.com.udp.ovpn,14
12/22/2021,21:33:52.07,us5851.nordvpn.com.udp.ovpn,12
12/23/2021,13:17:09.04,us5850.nordvpn.com.udp.ovpn,14
12/23/2021,18:04:59.08,us8564.nordvpn.com.udp.ovpn,12
12/24/2021,12:09:42.01,us6757.nordvpn.com.udp.ovpn,14
12/24/2021,12:17:22.18,us5850.nordvpn.com.udp.ovpn,14
12/28/2021,19:41:31.05,us5851.nordvpn.com.udp.ovpn,13
12/30/2021,11:34:49.10,us5850.nordvpn.com.udp.ovpn,12
12/30/2021,19:10:41.04,us5850.nordvpn.com.udp.ovpn,14
12/30/2021,19:11:57.02,us5850.nordvpn.com.udp.ovpn,13
12/31/2021,10:54:49.98,us6752.nordvpn.com.udp.ovpn,11
12/31/2021,16:31:30.97,us8564.nordvpn.com.udp.ovpn,11
12/31/2021,17:23:31.30,us5850.nordvpn.com.udp.ovpn,11
01/01/2022,16:49:09.09,us6752.nordvpn.com.udp.ovpn,17
01/04/2022, 9:04:19.04,us5850.nordvpn.com.udp.ovpn,13
01/07/2022, 0:20:45.14,us5851.nordvpn.com.udp.ovpn,12
01/07/2022,18:47:19.95,us8564.nordvpn.com.udp.ovpn,13
01/08/2022,11:16:42.27,us5851.nordvpn.com.udp.ovpn,11
01/08/2022,12:01:19.98,us8564.nordvpn.com.udp.ovpn,11
01/08/2022,14:32:39.18,us5850.nordvpn.com.udp.ovpn,10
01/08/2022,14:59:38.11,us8564.nordvpn.com.udp.ovpn,12
01/09/2022,14:27:25.01,us6752.nordvpn.com.udp.ovpn,11
01/09/2022,22:20:18.98,us5850.nordvpn.com.udp.ovpn,11
01/10/2022,19:25:00.00,us8564.nordvpn.com.udp.ovpn,13
01/11/2022,19:55:11.00,us5850.nordvpn.com.udp.ovpn,10
01/12/2022,15:27:00.49,us5850.nordvpn.com.udp.ovpn,11
01/12/2022,18:38:22.98,us6752.nordvpn.com.udp.ovpn,10
01/13/2022,11:36:19.98,us5850.nordvpn.com.udp.ovpn,12
01/13/2022,15:14:38.96,us6752.nordvpn.com.udp.ovpn,13
01/13/2022,17:59:03.02,us6757.nordvpn.com.udp.ovpn,12
01/14/2022,19:57:30.98,us6757.nordvpn.com.udp.ovpn,12
01/16/2022,14:11:38.40,us5851.nordvpn.com.udp.ovpn,11
01/16/2022,16:45:48.07,us6752.nordvpn.com.udp.ovpn,10
01/16/2022,19:52:45.02,us6751.nordvpn.com.udp.ovpn,12
01/17/2022,12:53:00.00,us8564.nordvpn.com.udp.ovpn,11
01/17/2022,17:59:53.16,us5851.nordvpn.com.udp.ovpn,13
01/17/2022,20:26:09.98,us5851.nordvpn.com.udp.ovpn,12
01/18/2022,20:49:55.03,us5850.nordvpn.com.udp.ovpn,16
01/19/2022,15:39:14.05,us5850.nordvpn.com.udp.ovpn,12
01/19/2022,18:58:28.11,us5851.nordvpn.com.udp.ovpn,11
01/19/2022,19:48:51.98,us6752.nordvpn.com.udp.ovpn,12
01/20/2022,11:20:02.09,us6752.nordvpn.com.udp.ovpn,12
01/20/2022,16:52:23.20,us5851.nordvpn.com.udp.ovpn,12
01/20/2022,17:06:17.05,us8564.nordvpn.com.udp.ovpn,11
01/20/2022,17:17:27.00,us5850.nordvpn.com.udp.ovpn,11
01/20/2022,17:20:08.98,us5850.nordvpn.com.udp.ovpn,11
01/20/2022,17:21:59.96,us6752.nordvpn.com.udp.ovpn,11
01/20/2022,17:33:24.97,us5850.nordvpn.com.udp.ovpn,13
01/20/2022,18:37:46.73,us6752.nordvpn.com.udp.ovpn,11
01/20/2022,18:38:36.11,us6757.nordvpn.com.udp.ovpn,12
01/20/2022,18:39:17.67,us5850.nordvpn.com.udp.ovpn,12
01/20/2022,18:41:43.96,us5850.nordvpn.com.udp.ovpn,12
01/21/2022,18:54:03.04,us5861.nordvpn.com.udp.ovpn,13
01/22/2022,11:34:43.03,us8564.nordvpn.com.udp.ovpn,13
01/22/2022,16:46:51.06,us8564.nordvpn.com.udp.ovpn,11
01/22/2022,22:41:28.07,us5850.nordvpn.com.udp.ovpn,10
01/23/2022,17:06:13.06,us5850.nordvpn.com.udp.ovpn,13
01/23/2022,20:00:35.07,us5850.nordvpn.com.udp.ovpn,13
01/25/2022,16:07:24.01,us5850.nordvpn.com.udp.ovpn,11
01/26/2022,17:41:51.16,us6752.nordvpn.com.udp.ovpn,11
01/27/2022,16:55:42.04,us6757.nordvpn.com.udp.ovpn,11
01/27/2022,21:12:21.49,us5861.nordvpn.com.udp.ovpn,1000
01/27/2022,21:13:45.55,us5861.nordvpn.com.udp.ovpn,1000
01/28/2022,14:37:48.31,us5851.nordvpn.com.udp.ovpn,13
01/28/2022,20:31:01.32,us5851.nordvpn.com.udp.ovpn,11
01/29/2022, 0:00:42.00,us5850.nordvpn.com.udp.ovpn,11
01/29/2022,14:20:14.03,us6752.nordvpn.com.udp.ovpn,11
01/29/2022,18:30:28.09,us8564.nordvpn.com.udp.ovpn,14
01/29/2022,21:23:41.98,us5850.nordvpn.com.udp.ovpn,11
01/30/2022,13:16:52.97,us5851.nordvpn.com.udp.ovpn,10
01/30/2022,15:52:25.56,us5850.nordvpn.com.udp.ovpn,11
01/30/2022,16:24:57.17,us8564.nordvpn.com.udp.ovpn,11
01/31/2022,19:00:38.01,us5851.nordvpn.com.udp.ovpn,12
01/31/2022,21:21:16.15,us8564.nordvpn.com.udp.ovpn,15
02/01/2022,12:27:10.07,us5851.nordvpn.com.udp.ovpn,11
02/01/2022,20:26:01.59,us5861.nordvpn.com.udp.ovpn,1000
02/01/2022,20:26:41.19,us5850.nordvpn.com.udp.ovpn,12
02/02/2022,18:19:23.03,us5851.nordvpn.com.udp.ovpn,11
02/03/2022,16:46:56.00,us5851.nordvpn.com.udp.ovpn,13
02/03/2022,17:03:51.18,us5851.nordvpn.com.udp.ovpn,11
02/03/2022,17:04:14.19,us5850.nordvpn.com.udp.ovpn,10
02/03/2022,17:05:08.17,us8564.nordvpn.com.udp.ovpn,13
02/03/2022,17:09:04.96,us6751.nordvpn.com.udp.ovpn,13
02/03/2022,20:07:27.95,us6757.nordvpn.com.udp.ovpn,12
02/04/2022,15:58:19.92,us5850.nordvpn.com.udp.ovpn,13
02/05/2022, 1:30:58.91,us6752.nordvpn.com.udp.ovpn,10
02/05/2022, 1:33:55.86,us6757.nordvpn.com.udp.ovpn,11
02/05/2022,13:08:39.63,us6751.nordvpn.com.udp.ovpn,14
02/05/2022,19:42:31.90,us8564.nordvpn.com.udp.ovpn,11
02/05/2022,22:19:00.90,us5851.nordvpn.com.udp.ovpn,11
02/06/2022,13:44:05.02,us6752.nordvpn.com.udp.ovpn,11
02/06/2022,20:40:54.03,us5851.nordvpn.com.udp.ovpn,12
02/07/2022,16:11:51.95,us5850.nordvpn.com.udp.ovpn,12
02/07/2022,21:32:40.08,us5850.nordvpn.com.udp.ovpn,12
02/08/2022,15:27:50.94,us8564.nordvpn.com.udp.ovpn,13
02/08/2022,20:16:34.98,us9402.nordvpn.com.udp.ovpn,12
02/09/2022,17:20:40.87,us5850.nordvpn.com.udp.ovpn,10
02/10/2022,16:41:44.90,us5850.nordvpn.com.udp.ovpn,11
02/10/2022,18:42:29.09,us5850.nordvpn.com.udp.ovpn,12
02/11/2022, 0:17:39.00,us5850.nordvpn.com.udp.ovpn,11
02/11/2022,16:51:01.03,us6752.nordvpn.com.udp.ovpn,13
02/11/2022,21:08:44.87,us5851.nordvpn.com.udp.ovpn,10
02/11/2022,22:16:33.50,us5861.nordvpn.com.udp.ovpn,18
02/12/2022, 0:37:04.87,us6752.nordvpn.com.udp.ovpn,10
02/12/2022,14:27:17.93,us5861.nordvpn.com.udp.ovpn,11
02/12/2022,16:15:50.42,us5850.nordvpn.com.udp.ovpn,10
02/12/2022,16:53:40.05,us5851.nordvpn.com.udp.ovpn,12
02/12/2022,17:59:39.16,us6757.nordvpn.com.udp.ovpn,10
02/12/2022,21:58:03.50,us5861.nordvpn.com.udp.ovpn,24
02/13/2022, 1:13:33.08,us6757.nordvpn.com.udp.ovpn,13
02/13/2022,13:11:04.34,us8564.nordvpn.com.udp.ovpn,14
02/13/2022,21:58:00.12,us5851.nordvpn.com.udp.ovpn,11
02/14/2022, 9:34:02.20,us5850.nordvpn.com.udp.ovpn,12
02/14/2022,17:21:47.04,us5851.nordvpn.com.udp.ovpn,13
02/14/2022,19:57:11.11,us5851.nordvpn.com.udp.ovpn,12
02/15/2022,14:44:13.05,us6752.nordvpn.com.udp.ovpn,11
02/15/2022,14:44:48.01,us5850.nordvpn.com.udp.ovpn,12
02/15/2022,14:52:00.06,us6752.nordvpn.com.udp.ovpn,11
02/15/2022,18:32:02.33,us8564.nordvpn.com.udp.ovpn,13
02/16/2022,15:08:11.21,us5850.nordvpn.com.udp.ovpn,12
02/16/2022,21:02:13.81,us8564.nordvpn.com.udp.ovpn,16
02/17/2022, 0:09:27.35,us6752.nordvpn.com.udp.ovpn,11
02/17/2022,16:57:39.14,us5850.nordvpn.com.udp.ovpn,12
02/17/2022,18:58:25.35,us8564.nordvpn.com.udp.ovpn,12
02/17/2022,22:37:25.17,us5850.nordvpn.com.udp.ovpn,10
02/18/2022,21:39:32.20,us5851.nordvpn.com.udp.ovpn,11
02/19/2022,15:43:04.21,us5851.nordvpn.com.udp.ovpn,12
02/19/2022,19:33:04.67,us6751.nordvpn.com.udp.ovpn,13
02/20/2022,10:40:08.13,us5851.nordvpn.com.udp.ovpn,11
02/20/2022,12:00:12.11,us5729.nordvpn.com.udp.ovpn,10
02/20/2022,18:09:31.18,us5850.nordvpn.com.udp.ovpn,11
02/20/2022,18:10:06.92,us6752.nordvpn.com.udp.ovpn,13
02/20/2022,19:53:40.22,us5850.nordvpn.com.udp.ovpn,13
02/21/2022,15:18:50.27,us5861.nordvpn.com.udp.ovpn,15
02/21/2022,17:10:38.12,us5850.nordvpn.com.udp.ovpn,13
02/21/2022,20:53:40.18,us6751.nordvpn.com.udp.ovpn,12
02/22/2022,18:52:01.40,us5861.nordvpn.com.udp.ovpn,13
02/22/2022,22:01:56.19,us5850.nordvpn.com.udp.ovpn,11
02/23/2022,16:40:04.90,us5861.nordvpn.com.udp.ovpn,12
02/23/2022,18:34:11.50,us5851.nordvpn.com.udp.ovpn,18
02/23/2022,19:44:33.28,us5850.nordvpn.com.udp.ovpn,16
02/24/2022,20:09:10.31,us5851.nordvpn.com.udp.ovpn,16
02/25/2022,12:28:15.20,us5850.nordvpn.com.udp.ovpn,12
02/25/2022,13:57:10.21,us5851.nordvpn.com.udp.ovpn,11
02/25/2022,14:08:20.31,us5851.nordvpn.com.udp.ovpn,14
02/25/2022,15:17:31.12,us5850.nordvpn.com.udp.ovpn,11
02/25/2022,20:23:23.96,us5850.nordvpn.com.udp.ovpn,21
02/26/2022, 1:56:55.25,us5850.nordvpn.com.udp.ovpn,12
02/26/2022,13:53:02.19,us6757.nordvpn.com.udp.ovpn,11
02/26/2022,18:23:19.38,us5861.nordvpn.com.udp.ovpn,14
02/26/2022,23:09:01.54,us5861.nordvpn.com.udp.ovpn,15
02/27/2022,13:42:31.26,us5850.nordvpn.com.udp.ovpn,13
02/27/2022,14:50:45.25,us6752.nordvpn.com.udp.ovpn,12
02/27/2022,16:09:10.29,us5850.nordvpn.com.udp.ovpn,11
02/27/2022,19:35:37.18,us5850.nordvpn.com.udp.ovpn,12
02/28/2022,14:10:17.30,us5851.nordvpn.com.udp.ovpn,11
02/28/2022,18:40:36.43,us6752.nordvpn.com.udp.ovpn,16
02/28/2022,19:59:26.35,us5851.nordvpn.com.udp.ovpn,12
02/28/2022,21:22:47.42,us5851.nordvpn.com.udp.ovpn,14
03/01/2022,19:15:48.34,us5850.nordvpn.com.udp.ovpn,13
03/01/2022,21:33:36.36,us5850.nordvpn.com.udp.ovpn,14
03/02/2022,16:10:57.88,us5851.nordvpn.com.udp.ovpn,12
03/02/2022,19:29:27.62,us5850.nordvpn.com.udp.ovpn,15
03/02/2022,21:22:03.51,us6751.nordvpn.com.udp.ovpn,15
03/03/2022,15:53:22.27,us5851.nordvpn.com.udp.ovpn,11
03/03/2022,17:03:22.19,us6752.nordvpn.com.udp.ovpn,11
03/03/2022,19:01:31.53,us6757.nordvpn.com.udp.ovpn,14
03/03/2022,19:13:07.37,us9402.nordvpn.com.udp.ovpn,18
03/03/2022,22:14:23.24,us5850.nordvpn.com.udp.ovpn,13
03/04/2022,14:52:17.18,us8564.nordvpn.com.udp.ovpn,12
03/04/2022,16:24:51.20,us5851.nordvpn.com.udp.ovpn,12
03/04/2022,17:32:36.22,us5850.nordvpn.com.udp.ovpn,11
03/04/2022,21:40:27.27,us8564.nordvpn.com.udp.ovpn,13
03/04/2022,22:55:33.36,us6752.nordvpn.com.udp.ovpn,13
03/05/2022, 0:26:18.16,us5851.nordvpn.com.udp.ovpn,10
03/05/2022,18:21:04.23,us5861.nordvpn.com.udp.ovpn,14
03/05/2022,19:51:46.14,us5850.nordvpn.com.udp.ovpn,12
03/05/2022,22:30:31.29,us6751.nordvpn.com.udp.ovpn,15
03/06/2022,12:45:25.63,us9402.nordvpn.com.udp.ovpn,115
03/06/2022,17:46:26.20,us5861.nordvpn.com.udp.ovpn,14
03/06/2022,20:14:01.80,us5861.nordvpn.com.udp.ovpn,33
03/06/2022,21:34:39.31,us8564.nordvpn.com.udp.ovpn,13
03/07/2022,12:14:29.08,us8564.nordvpn.com.udp.ovpn,11
03/07/2022,19:07:43.38,us5850.nordvpn.com.udp.ovpn,164
03/07/2022,21:03:00.46,us5861.nordvpn.com.udp.ovpn,15
03/07/2022,22:00:29.68,us5114.nordvpn.com.udp.ovpn,
03/08/2022, 8:01:26.29,us5729.nordvpn.com.udp.ovpn,13
03/08/2022,11:20:18.32,us5851.nordvpn.com.udp.ovpn,11
03/08/2022,11:21:35.26,us6752.nordvpn.com.udp.ovpn,11
03/08/2022,11:52:43.41,us9409.nordvpn.com.udp.ovpn,12
03/08/2022,13:37:38.30,us6757.nordvpn.com.udp.ovpn,13
03/08/2022,15:02:17.84,us5850.nordvpn.com.udp.ovpn,13
03/08/2022,18:09:16.56,us6757.nordvpn.com.udp.ovpn,16
03/08/2022,19:55:17.04,us9402.nordvpn.com.udp.ovpn,15
03/09/2022,14:47:20.18,us9409.nordvpn.com.udp.ovpn,10
03/09/2022,17:51:29.47,us5851.nordvpn.com.udp.ovpn,14
03/09/2022,18:23:27.56,us8564.nordvpn.com.udp.ovpn,14
03/10/2022, 9:28:00.22,us9409.nordvpn.com.udp.ovpn,12
03/10/2022,10:53:51.30,us5861.nordvpn.com.udp.ovpn,12
03/10/2022,16:46:12.39,us5851.nordvpn.com.udp.ovpn,13
03/10/2022,18:12:16.21,us5851.nordvpn.com.udp.ovpn,17
03/11/2022, 6:54:05.81,us8564.nordvpn.com.udp.ovpn,13
03/11/2022,21:09:52.09,us9409.nordvpn.com.udp.ovpn,54
03/12/2022,11:50:06.31,us8564.nordvpn.com.udp.ovpn,11
03/12/2022,14:17:06.38,us5850.nordvpn.com.udp.ovpn,12
03/12/2022,14:17:17.39,us6751.nordvpn.com.udp.ovpn,14
03/12/2022,16:46:19.37,us8564.nordvpn.com.udp.ovpn,11
03/12/2022,18:17:29.64,us5861.nordvpn.com.udp.ovpn,17
03/12/2022,19:10:16.48,us6752.nordvpn.com.udp.ovpn,12
03/12/2022,19:54:48.58,us5851.nordvpn.com.udp.ovpn,12
03/12/2022,23:33:28.16,us5851.nordvpn.com.udp.ovpn,10
03/13/2022,13:56:34.25,us5850.nordvpn.com.udp.ovpn,12
03/13/2022,16:27:49.24,us9409.nordvpn.com.udp.ovpn,13
03/13/2022,17:50:59.25,us5851.nordvpn.com.udp.ovpn,12
03/13/2022,18:26:19.22,us5850.nordvpn.com.udp.ovpn,12
03/13/2022,20:09:56.33,us5861.nordvpn.com.udp.ovpn,12
03/13/2022,22:25:51.26,us5851.nordvpn.com.udp.ovpn,12
03/14/2022,20:59:20.74,us6757.nordvpn.com.udp.ovpn,20
03/14/2022,21:31:07.70,us8564.nordvpn.com.udp.ovpn,14
03/15/2022,18:30:32.39,us9409.nordvpn.com.udp.ovpn,14
03/16/2022,15:40:05.28,us6752.nordvpn.com.udp.ovpn,11
03/16/2022,17:32:36.32,us5850.nordvpn.com.udp.ovpn,12
03/16/2022,21:07:23.45,us5850.nordvpn.com.udp.ovpn,15
03/16/2022,23:07:35.24,us6752.nordvpn.com.udp.ovpn,11
03/17/2022,16:10:17.27,us6752.nordvpn.com.udp.ovpn,11
03/17/2022,17:50:57.47,us5850.nordvpn.com.udp.ovpn,14
03/17/2022,22:17:14.86,us5850.nordvpn.com.udp.ovpn,15
03/17/2022,23:35:47.29,us8564.nordvpn.com.udp.ovpn,13
03/18/2022, 3:05:49.39,us9409.nordvpn.com.udp.ovpn,14
03/18/2022,14:53:01.22,us9409.nordvpn.com.udp.ovpn,11
03/18/2022,18:04:58.24,us5850.nordvpn.com.udp.ovpn,11
03/18/2022,18:46:05.38,us6757.nordvpn.com.udp.ovpn,116
03/18/2022,20:17:36.29,us8564.nordvpn.com.udp.ovpn,13
03/18/2022,21:53:47.44,us6752.nordvpn.com.udp.ovpn,13
03/19/2022,12:31:42.21,us8564.nordvpn.com.udp.ovpn,10
03/19/2022,15:32:44.17,us8564.nordvpn.com.udp.ovpn,10
03/19/2022,16:39:50.35,us5729.nordvpn.com.udp.ovpn,12
03/19/2022,17:32:56.45,us6752.nordvpn.com.udp.ovpn,14
03/19/2022,21:55:02.86,us6751.nordvpn.com.udp.ovpn,16
03/19/2022,22:24:37.53,us6752.nordvpn.com.udp.ovpn,16
03/20/2022,11:29:55.18,us5851.nordvpn.com.udp.ovpn,11
03/20/2022,14:55:13.17,us6752.nordvpn.com.udp.ovpn,11
03/20/2022,17:11:03.17,us8564.nordvpn.com.udp.ovpn,11
03/20/2022,19:02:40.23,us5850.nordvpn.com.udp.ovpn,12
03/20/2022,21:04:55.26,us6752.nordvpn.com.udp.ovpn,12
03/21/2022,15:56:46.32,us5850.nordvpn.com.udp.ovpn,12
03/21/2022,20:00:05.54,us5850.nordvpn.com.udp.ovpn,16
03/21/2022,20:00:24.25,us6752.nordvpn.com.udp.ovpn,13
03/21/2022,21:21:53.52,us8564.nordvpn.com.udp.ovpn,14
03/22/2022,16:10:46.34,us8564.nordvpn.com.udp.ovpn,13
03/22/2022,16:51:59.37,us5851.nordvpn.com.udp.ovpn,15
03/22/2022,23:08:57.48,us5850.nordvpn.com.udp.ovpn,13
03/23/2022,16:17:24.29,us6752.nordvpn.com.udp.ovpn,13
03/23/2022,20:16:22.42,us5861.nordvpn.com.udp.ovpn,17
03/23/2022,21:31:02.38,us5729.nordvpn.com.udp.ovpn,14
03/24/2022, 1:15:37.17,us8564.nordvpn.com.udp.ovpn,10
03/24/2022, 8:05:21.22,us8564.nordvpn.com.udp.ovpn,12
03/25/2022, 6:16:10.24,us5729.nordvpn.com.udp.ovpn,12
03/25/2022, 8:55:26.25,us8564.nordvpn.com.udp.ovpn,11
03/25/2022,11:57:01.24,us5851.nordvpn.com.udp.ovpn,12
03/25/2022,20:49:13.47,us9409.nordvpn.com.udp.ovpn,14
03/25/2022,22:25:59.30,us5850.nordvpn.com.udp.ovpn,14
03/25/2022,23:06:23.26,us6751.nordvpn.com.udp.ovpn,12
03/26/2022, 0:38:28.22,us8564.nordvpn.com.udp.ovpn,10
03/26/2022,13:39:59.19,us5850.nordvpn.com.udp.ovpn,12
03/26/2022,16:16:09.20,us5850.nordvpn.com.udp.ovpn,11
03/26/2022,17:54:23.33,us8564.nordvpn.com.udp.ovpn,14
03/26/2022,20:28:02.69,us5861.nordvpn.com.udp.ovpn,17
03/27/2022,17:39:24.22,us5851.nordvpn.com.udp.ovpn,11
03/27/2022,18:01:02.22,us6751.nordvpn.com.udp.ovpn,11
03/27/2022,20:44:20.17,us9409.nordvpn.com.udp.ovpn,10
03/27/2022,21:09:49.20,us5851.nordvpn.com.udp.ovpn,11
03/28/2022,20:31:41.19,us5851.nordvpn.com.udp.ovpn,14
03/29/2022,18:09:57.46,us6752.nordvpn.com.udp.ovpn,14
03/29/2022,20:48:13.31,us6757.nordvpn.com.udp.ovpn,14
03/30/2022,19:14:28.29,us9409.nordvpn.com.udp.ovpn,11
03/30/2022,23:00:03.32,us9409.nordvpn.com.udp.ovpn,12
03/31/2022,14:52:13.17,us5851.nordvpn.com.udp.ovpn,10
03/31/2022,17:07:10.23,us8564.nordvpn.com.udp.ovpn,11
03/31/2022,22:33:51.48,us5850.nordvpn.com.udp.ovpn,15
04/01/2022,15:08:07.21,us5850.nordvpn.com.udp.ovpn,11
04/01/2022,20:46:39.50,us6751.nordvpn.com.udp.ovpn,14
04/01/2022,23:21:09.30,us5851.nordvpn.com.udp.ovpn,11
04/02/2022,13:05:13.17,us6752.nordvpn.com.udp.ovpn,10
04/02/2022,14:40:37.34,us5850.nordvpn.com.udp.ovpn,14
04/02/2022,16:28:27.23,us9409.nordvpn.com.udp.ovpn,12
04/02/2022,19:29:16.41,us8564.nordvpn.com.udp.ovpn,13
04/02/2022,20:43:17.53,us9409.nordvpn.com.udp.ovpn,13
04/02/2022,23:30:59.34,us5851.nordvpn.com.udp.ovpn,13
04/03/2022,15:55:29.18,us5850.nordvpn.com.udp.ovpn,11
04/03/2022,19:04:41.27,us9409.nordvpn.com.udp.ovpn,11
04/04/2022,11:10:42.28,us9409.nordvpn.com.udp.ovpn,10
04/04/2022,11:19:54.31,us5851.nordvpn.com.udp.ovpn,12
04/04/2022,15:31:38.22,us6757.nordvpn.com.udp.ovpn,13
04/04/2022,17:00:25.32,us5851.nordvpn.com.udp.ovpn,11
04/04/2022,21:57:33.34,us8564.nordvpn.com.udp.ovpn,12
04/05/2022, 5:52:35.18,us5850.nordvpn.com.udp.ovpn,12
04/05/2022,12:40:41.36,us6752.nordvpn.com.udp.ovpn,11
04/05/2022,21:32:58.48,us9409.nordvpn.com.udp.ovpn,14
04/05/2022,22:03:48.38,us5729.nordvpn.com.udp.ovpn,16
04/06/2022,15:19:01.33,us9409.nordvpn.com.udp.ovpn,12
04/06/2022,15:19:35.17,us8564.nordvpn.com.udp.ovpn,11
04/06/2022,22:02:56.41,us5851.nordvpn.com.udp.ovpn,13
04/07/2022,14:19:32.30,us5850.nordvpn.com.udp.ovpn,13
04/07/2022,17:00:06.27,us8564.nordvpn.com.udp.ovpn,11
04/07/2022,21:50:37.26,us5850.nordvpn.com.udp.ovpn,12
04/08/2022, 0:43:37.24,us5850.nordvpn.com.udp.ovpn,11
04/08/2022,17:21:19.34,us5851.nordvpn.com.udp.ovpn,12
04/08/2022,23:22:38.83,us9402.nordvpn.com.udp.ovpn,81
04/09/2022,15:28:01.16,us6752.nordvpn.com.udp.ovpn,11
04/09/2022,20:04:28.26,us5850.nordvpn.com.udp.ovpn,14
04/10/2022,12:56:20.83,us5850.nordvpn.com.udp.ovpn,11
04/10/2022,20:59:39.24,us5850.nordvpn.com.udp.ovpn,12
04/11/2022,17:23:21.27,us5850.nordvpn.com.udp.ovpn,10
04/11/2022,20:25:41.35,us6752.nordvpn.com.udp.ovpn,15
04/12/2022,16:11:21.15,us9409.nordvpn.com.udp.ovpn,10
04/12/2022,16:22:14.17,us5850.nordvpn.com.udp.ovpn,11
04/12/2022,16:54:42.30,us5861.nordvpn.com.udp.ovpn,12
04/12/2022,18:38:13.67,us5851.nordvpn.com.udp.ovpn,14
04/12/2022,21:01:32.38,us6752.nordvpn.com.udp.ovpn,15
04/14/2022, 5:36:50.23,us5850.nordvpn.com.udp.ovpn,10
04/14/2022,20:56:29.32,us6752.nordvpn.com.udp.ovpn,12
04/15/2022,11:19:38.60,us8564.nordvpn.com.udp.ovpn,10
04/15/2022,11:52:39.34,us6752.nordvpn.com.udp.ovpn,11
04/15/2022,12:05:13.28,us9409.nordvpn.com.udp.ovpn,12
04/15/2022,12:06:39.19,us5850.nordvpn.com.udp.ovpn,12
04/15/2022,12:25:00.19,us5851.nordvpn.com.udp.ovpn,12
04/15/2022,12:27:55.30,us9402.nordvpn.com.udp.ovpn,11
04/15/2022,13:37:07.29,us5851.nordvpn.com.udp.ovpn,11
04/16/2022, 8:18:31.27,us5850.nordvpn.com.udp.ovpn,10
04/16/2022,20:38:23.31,us6752.nordvpn.com.udp.ovpn,10
04/16/2022,22:44:44.25,us9409.nordvpn.com.udp.ovpn,11
04/17/2022,10:38:06.67,us8564.nordvpn.com.udp.ovpn,11
04/17/2022,13:14:46.30,us5851.nordvpn.com.udp.ovpn,11
04/17/2022,13:21:55.29,us5850.nordvpn.com.udp.ovpn,10
04/17/2022,13:23:07.34,us5850.nordvpn.com.udp.ovpn,13
04/17/2022,13:24:58.32,us6752.nordvpn.com.udp.ovpn,11
04/17/2022,13:26:06.41,us9409.nordvpn.com.udp.ovpn,11
04/17/2022,13:41:26.29,us5851.nordvpn.com.udp.ovpn,11
04/17/2022,13:58:11.37,us5850.nordvpn.com.udp.ovpn,12
04/17/2022,18:38:21.31,us5851.nordvpn.com.udp.ovpn,11
04/17/2022,22:16:51.37,us6752.nordvpn.com.udp.ovpn,12
04/18/2022,17:11:22.40,us9409.nordvpn.com.udp.ovpn,12
04/18/2022,20:55:40.31,us9409.nordvpn.com.udp.ovpn,11
04/19/2022, 5:41:58.38,us5851.nordvpn.com.udp.ovpn,12
04/19/2022,19:40:18.40,us9402.nordvpn.com.udp.ovpn,13
04/20/2022,16:02:35.50,us6757.nordvpn.com.udp.ovpn,14
04/21/2022,19:18:35.45,us6752.nordvpn.com.udp.ovpn,11
04/22/2022, 6:04:01.31,us5851.nordvpn.com.udp.ovpn,11
05/02/2022,17:03:43.54,us8564.nordvpn.com.udp.ovpn,909
05/02/2022,17:10:36.54,us5861.nordvpn.com.udp.ovpn,1000
05/02/2022,17:41:01.31,us8479.nordvpn.com.udp.ovpn,29
05/02/2022,17:42:33.34,us8479.nordvpn.com.udp.ovpn,49
05/03/2022,16:52:47.33,us8479.nordvpn.com.udp.ovpn,39
05/06/2022,16:56:27.24,us8479.nordvpn.com.udp.ovpn,40
05/06/2022,19:25:00.29,us8479.nordvpn.com.udp.ovpn,31
05/06/2022,20:55:51.31,us8479.nordvpn.com.udp.ovpn,40
05/07/2022,13:43:15.31,us8479.nordvpn.com.udp.ovpn,36
05/07/2022,15:30:13.31,us8479.nordvpn.com.udp.ovpn,35
05/07/2022,15:58:11.24,us8479.nordvpn.com.udp.ovpn,30
05/07/2022,18:35:01.24,us8479.nordvpn.com.udp.ovpn,31
05/07/2022,19:26:13.26,us8479.nordvpn.com.udp.ovpn,39
05/07/2022,19:26:34.30,us8479.nordvpn.com.udp.ovpn,30
05/07/2022,21:50:36.30,us8479.nordvpn.com.udp.ovpn,44
05/07/2022,23:01:27.37,us8479.nordvpn.com.udp.ovpn,38
05/08/2022, 0:22:49.94,us8494.nordvpn.com.udp.ovpn,28
05/08/2022,17:10:13.46,us8495.nordvpn.com.udp.ovpn,31
05/08/2022,17:11:39.63,us8479.nordvpn.com.udp.ovpn,29
05/08/2022,19:45:13.60,us8494.nordvpn.com.udp.ovpn,32
05/08/2022,21:39:32.60,us8494.nordvpn.com.udp.ovpn,33
05/08/2022,22:11:31.57,us8494.nordvpn.com.udp.ovpn,27
05/09/2022,20:27:01.57,us8495.nordvpn.com.udp.ovpn,30
05/09/2022,20:50:43.61,us8494.nordvpn.com.udp.ovpn,29
05/09/2022,21:15:20.57,us8495.nordvpn.com.udp.ovpn,30
05/10/2022,18:03:41.66,us8479.nordvpn.com.udp.ovpn,28
05/11/2022,18:23:59.66,us8495.nordvpn.com.udp.ovpn,27
05/11/2022,19:15:31.67,us8479.nordvpn.com.udp.ovpn,34
05/11/2022,21:05:34.59,us8494.nordvpn.com.udp.ovpn,30
05/12/2022, 6:25:55.87,us8494.nordvpn.com.udp.ovpn,30
05/12/2022,20:44:29.58,us8479.nordvpn.com.udp.ovpn,33
05/13/2022,17:53:01.61,us8494.nordvpn.com.udp.ovpn,28
05/13/2022,20:21:14.58,us8494.nordvpn.com.udp.ovpn,30
05/13/2022,21:42:31.64,us8495.nordvpn.com.udp.ovpn,31
05/14/2022, 9:09:26.59,us8479.nordvpn.com.udp.ovpn,31
05/14/2022,16:19:39.64,us8479.nordvpn.com.udp.ovpn,30
05/14/2022,20:57:58.60,us8495.nordvpn.com.udp.ovpn,31
05/14/2022,21:46:40.56,us8494.nordvpn.com.udp.ovpn,28
05/14/2022,22:29:15.64,us8479.nordvpn.com.udp.ovpn,31
05/15/2022, 9:47:42.65,us8494.nordvpn.com.udp.ovpn,27
05/15/2022,11:26:51.68,us8495.nordvpn.com.udp.ovpn,32
05/15/2022,13:10:21.66,us8479.nordvpn.com.udp.ovpn,28
05/15/2022,13:39:03.67,us8494.nordvpn.com.udp.ovpn,32
05/15/2022,16:29:19.65,us8479.nordvpn.com.udp.ovpn,29
05/15/2022,16:53:10.59,us8495.nordvpn.com.udp.ovpn,30
05/16/2022,21:27:22.60,us8479.nordvpn.com.udp.ovpn,31
05/17/2022,19:52:29.67,us8494.nordvpn.com.udp.ovpn,31
05/18/2022,20:38:24.63,us8479.nordvpn.com.udp.ovpn,36
05/18/2022,20:39:21.62,us8495.nordvpn.com.udp.ovpn,27
05/20/2022,20:37:28.64,us8495.nordvpn.com.udp.ovpn,23
05/21/2022,12:11:18.61,us8495.nordvpn.com.udp.ovpn,22
05/21/2022,22:18:25.16,us8495.nordvpn.com.udp.ovpn,27
05/21/2022,22:25:10.64,us8479.nordvpn.com.udp.ovpn,29
05/21/2022,23:03:26.64,us8495.nordvpn.com.udp.ovpn,28
05/21/2022,23:08:32.62,us8494.nordvpn.com.udp.ovpn,29
05/22/2022,13:58:42.58,us8494.nordvpn.com.udp.ovpn,29
05/22/2022,14:29:17.68,us8495.nordvpn.com.udp.ovpn,32
05/22/2022,14:57:55.69,us8479.nordvpn.com.udp.ovpn,32
05/23/2022,20:44:19.65,us8495.nordvpn.com.udp.ovpn,25
05/25/2022, 9:48:01.64,us8494.nordvpn.com.udp.ovpn,32
05/25/2022,17:54:27.61,us8495.nordvpn.com.udp.ovpn,29
05/26/2022, 5:16:11.61,us8479.nordvpn.com.udp.ovpn,30
05/26/2022, 6:30:45.60,us8494.nordvpn.com.udp.ovpn,29
05/28/2022,14:28:32.65,us8494.nordvpn.com.udp.ovpn,32
05/28/2022,15:14:40.61,us8494.nordvpn.com.udp.ovpn,27
05/28/2022,15:38:12.60,us8494.nordvpn.com.udp.ovpn,35
05/28/2022,15:48:29.79,us8494.nordvpn.com.udp.ovpn,27
05/29/2022,12:06:49.57,us8494.nordvpn.com.udp.ovpn,30
05/29/2022,12:26:05.57,us8494.nordvpn.com.udp.ovpn,26
05/29/2022,12:57:52.60,us8495.nordvpn.com.udp.ovpn,29
05/30/2022, 6:55:16.64,us8495.nordvpn.com.udp.ovpn,31
05/30/2022, 6:59:21.61,us8494.nordvpn.com.udp.ovpn,29
05/30/2022, 7:14:42.84,us8495.nordvpn.com.udp.ovpn,30
05/31/2022,19:33:37.80,us8482.nordvpn.com.udp.ovpn,27
06/01/2022, 5:22:30.81,us8479.nordvpn.com.udp.ovpn,32
06/01/2022,20:17:15.86,us9612.nordvpn.com.udp.ovpn,27
06/02/2022,19:40:58.86,us8479.nordvpn.com.udp.ovpn,31
06/02/2022,20:55:33.81,us8495.nordvpn.com.udp.ovpn,26
06/03/2022,19:45:56.88,us9612.nordvpn.com.udp.ovpn,28
06/05/2022,21:20:00.87,us8482.nordvpn.com.udp.ovpn,27
06/05/2022,22:33:07.75,us8482.nordvpn.com.udp.ovpn,28
06/08/2022,17:00:50.83,us8494.nordvpn.com.udp.ovpn,30
06/10/2022,18:12:48.84,us9612.nordvpn.com.udp.ovpn,22
06/11/2022, 0:50:03.90,us8494.nordvpn.com.udp.ovpn,28
06/11/2022,16:06:18.88,us8482.nordvpn.com.udp.ovpn,26
06/11/2022,21:12:42.09,us8482.nordvpn.com.udp.ovpn,29
06/13/2022,22:35:03.82,us8494.nordvpn.com.udp.ovpn,25
06/14/2022,23:42:32.23,us8479.nordvpn.com.udp.ovpn,32
06/15/2022, 8:38:27.67,us8479.nordvpn.com.udp.ovpn,20
06/15/2022,11:17:04.88,us8479.nordvpn.com.udp.ovpn,25
06/15/2022,21:37:13.92,us8479.nordvpn.com.udp.ovpn,22
06/16/2022,20:30:36.80,us8479.nordvpn.com.udp.ovpn,21
06/16/2022,20:31:40.84,us8479.nordvpn.com.udp.ovpn,22
06/16/2022,20:35:16.87,us8495.nordvpn.com.udp.ovpn,24
06/16/2022,20:40:50.90,us8479.nordvpn.com.udp.ovpn,23
06/17/2022,22:04:11.76,us8479.nordvpn.com.udp.ovpn,25
06/18/2022, 0:20:33.89,us8479.nordvpn.com.udp.ovpn,23
06/18/2022, 1:21:47.79,us8479.nordvpn.com.udp.ovpn,23
06/19/2022, 0:36:36.68,us8479.nordvpn.com.udp.ovpn,24
06/19/2022,10:31:09.84,us8495.nordvpn.com.udp.ovpn,23
06/19/2022,10:32:15.87,us8495.nordvpn.com.udp.ovpn,21
06/19/2022,13:33:06.99,us8495.nordvpn.com.udp.ovpn,23
06/19/2022,18:59:46.80,us8479.nordvpn.com.udp.ovpn,22
06/20/2022,10:08:44.46,us8479.nordvpn.com.udp.ovpn,1000
06/20/2022,10:18:46.37,us8479.nordvpn.com.udp.ovpn,1000
06/20/2022,12:10:06.33,us8479.nordvpn.com.udp.ovpn,1000
06/23/2022,11:55:48.89,us8495.nordvpn.com.udp.ovpn,18
06/24/2022,16:47:06.94,us8495.nordvpn.com.udp.ovpn,24
06/24/2022,20:01:16.82,us8479.nordvpn.com.udp.ovpn,21
06/25/2022,15:38:25.80,us8495.nordvpn.com.udp.ovpn,21
06/26/2022,10:40:24.27,us8479.nordvpn.com.udp.ovpn,23
06/26/2022,13:48:08.86,us8495.nordvpn.com.udp.ovpn,28
06/27/2022, 3:37:27.89,us8479.nordvpn.com.udp.ovpn,26
06/28/2022,18:54:27.89,us8479.nordvpn.com.udp.ovpn,29
06/28/2022,20:26:48.47,us8479.nordvpn.com.udp.ovpn,17
06/30/2022, 9:01:15.80,us8482.nordvpn.com.udp.ovpn,28
06/30/2022,22:56:38.80,us8482.nordvpn.com.udp.ovpn,28
07/01/2022,18:36:17.98,us8495.nordvpn.com.udp.ovpn,23
07/01/2022,18:46:03.82,us8479.nordvpn.com.udp.ovpn,23
07/02/2022, 0:16:37.94,us8495.nordvpn.com.udp.ovpn,19
07/02/2022,11:01:35.79,us8479.nordvpn.com.udp.ovpn,21
07/02/2022,17:18:31.87,us8495.nordvpn.com.udp.ovpn,22
07/02/2022,18:01:30.88,us8479.nordvpn.com.udp.ovpn,20
07/02/2022,20:58:18.85,us8479.nordvpn.com.udp.ovpn,28
07/03/2022,14:01:39.87,us8495.nordvpn.com.udp.ovpn,31
07/03/2022,19:45:28.90,us8495.nordvpn.com.udp.ovpn,24
07/03/2022,22:04:26.85,us8479.nordvpn.com.udp.ovpn,23
07/04/2022, 0:37:35.84,us8495.nordvpn.com.udp.ovpn,22
07/04/2022,13:59:29.88,us8495.nordvpn.com.udp.ovpn,20
07/04/2022,20:19:55.94,us8479.nordvpn.com.udp.ovpn,22
07/04/2022,21:23:35.87,us8479.nordvpn.com.udp.ovpn,18
07/05/2022, 6:23:09.88,us9612.nordvpn.com.udp.ovpn,29
07/05/2022,16:44:30.86,us8494.nordvpn.com.udp.ovpn,28
07/05/2022,19:16:58.82,us8495.nordvpn.com.udp.ovpn,33
07/05/2022,22:46:54.88,us9612.nordvpn.com.udp.ovpn,28
07/06/2022,23:36:22.99,us8495.nordvpn.com.udp.ovpn,28
07/07/2022,22:51:03.37,us8479.nordvpn.com.udp.ovpn,1000
07/07/2022,23:22:21.92,us8494.nordvpn.com.udp.ovpn,31
07/08/2022,11:26:34.88,us8494.nordvpn.com.udp.ovpn,32
07/08/2022,12:18:58.83,us9618.nordvpn.com.udp.ovpn,29
07/08/2022,12:29:41.95,us8482.nordvpn.com.udp.ovpn,32
07/08/2022,12:30:13.83,us8482.nordvpn.com.udp.ovpn,25
07/08/2022,12:46:08.85,us9612.nordvpn.com.udp.ovpn,31
07/08/2022,12:49:03.81,us8482.nordvpn.com.udp.ovpn,29
07/08/2022,12:50:09.79,us9612.nordvpn.com.udp.ovpn,27
07/08/2022,12:50:46.82,us8494.nordvpn.com.udp.ovpn,31
07/08/2022,12:52:35.80,us8494.nordvpn.com.udp.ovpn,30
07/08/2022,12:53:21.76,us8494.nordvpn.com.udp.ovpn,28
07/08/2022,13:11:44.90,us8494.nordvpn.com.udp.ovpn,30
07/08/2022,13:12:49.85,us9612.nordvpn.com.udp.ovpn,30
07/08/2022,13:20:42.80,us9612.nordvpn.com.udp.ovpn,31
07/08/2022,13:36:40.87,us8494.nordvpn.com.udp.ovpn,29
07/08/2022,14:31:17.12,us9612.nordvpn.com.udp.ovpn,32
07/08/2022,14:32:23.41,us8482.nordvpn.com.udp.ovpn,29
07/08/2022,14:36:10.42,us9612.nordvpn.com.udp.ovpn,27
07/08/2022,14:37:43.50,us8494.nordvpn.com.udp.ovpn,30
07/08/2022,14:39:10.57,us9612.nordvpn.com.udp.ovpn,28
07/08/2022,14:52:36.02,us8482.nordvpn.com.udp.ovpn,28
07/08/2022,14:59:24.19,us9616.nordvpn.com.udp.ovpn,30
09/17/2022,23:06:56.79,us8479.nordvpn.com.udp.ovpn,14
09/17/2022,23:06:56.85,us8494.nordvpn.com.udp.ovpn,14
09/17/2022,23:06:56.91,us8495.nordvpn.com.udp.ovpn,13
09/17/2022,23:06:56.98,us8482.nordvpn.com.udp.ovpn,13
09/17/2022,23:06:57.03,us8478.nordvpn.com.udp.ovpn,12
09/17/2022,23:06:57.09,us9619.nordvpn.com.udp.ovpn,11
09/17/2022,23:06:57.16,us8474.nordvpn.com.udp.ovpn,15
09/17/2022,23:06:57.22,us9615.nordvpn.com.udp.ovpn,14
09/17/2022,23:06:57.29,us9618.nordvpn.com.udp.ovpn,14
09/17/2022,23:06:57.35,us9612.nordvpn.com.udp.ovpn,12
07/08/2022,12:43:16.88,us8494.nordvpn.com.udp.ovpn,32
07/08/2022,12:45:13.85,us8494.nordvpn.com.udp.ovpn,28
07/08/2022,12:45:46.86,us8494.nordvpn.com.udp.ovpn,30
07/08/2022,12:47:21.43,us9612.nordvpn.com.udp.ovpn,33
07/08/2022,12:53:44.78,us8482.nordvpn.com.udp.ovpn,28
07/08/2022,12:55:07.73,us8482.nordvpn.com.udp.ovpn,28
07/08/2022,12:57:17.78,us9612.nordvpn.com.udp.ovpn,27
07/08/2022,12:57:38.89,us9612.nordvpn.com.udp.ovpn,29
07/08/2022,12:57:53.78,us9612.nordvpn.com.udp.ovpn,29
07/08/2022,12:58:10.71,us8482.nordvpn.com.udp.ovpn,30
07/08/2022,13:01:37.79,us9612.nordvpn.com.udp.ovpn,30
07/08/2022,13:01:37.79,us8494.nordvpn.com.udp.ovpn,31
07/08/2022,13:37:50.88,us8482.nordvpn.com.udp.ovpn,26
07/08/2022,13:38:34.84,us9612.nordvpn.com.udp.ovpn,29
07/08/2022,14:56:41.81,us8482.nordvpn.com.udp.ovpn,30
07/08/2022,15:01:46.04,us8482.nordvpn.com.udp.ovpn,28
07/08/2022,15:02:15.18,us9612.nordvpn.com.udp.ovpn,27
07/08/2022,15:03:11.54,us8482.nordvpn.com.udp.ovpn,28
07/08/2022,15:04:49.07,us9616.nordvpn.com.udp.ovpn,29
07/08/2022,15:48:59.41,us8494.nordvpn.com.udp.ovpn,30
07/08/2022,21:05:24.96,us9616.nordvpn.com.udp.ovpn,29
07/08/2022,21:13:52.07,us8494.nordvpn.com.udp.ovpn,30
07/08/2022,21:15:56.51,us8494.nordvpn.com.udp.ovpn,31
07/08/2022,21:16:59.05,us8494.nordvpn.com.udp.ovpn,29
07/08/2022,21:17:29.10,us8478.nordvpn.com.udp.ovpn,29
07/08/2022,21:19:37.31,us8494.nordvpn.com.udp.ovpn,30
07/08/2022,21:23:18.28,us9616.nordvpn.com.udp.ovpn,28
07/08/2022,21:30:57.39,us8478.nordvpn.com.udp.ovpn,28
07/08/2022,22:39:07.36,us8478.nordvpn.com.udp.ovpn,30
07/09/2022,12:20:20.82,us8474.nordvpn.com.udp.ovpn,27
07/09/2022,12:21:40.21,us8478.nordvpn.com.udp.ovpn,29
07/09/2022,12:22:52.46,us8478.nordvpn.com.udp.ovpn,27
07/09/2022,12:23:08.43,us8474.nordvpn.com.udp.ovpn,23
07/09/2022,12:24:09.91,us8474.nordvpn.com.udp.ovpn,29
07/09/2022,12:24:37.41,us8478.nordvpn.com.udp.ovpn,27
07/09/2022,12:34:39.05,us9616.nordvpn.com.udp.ovpn,29
07/09/2022,15:32:50.80,us9612.nordvpn.com.udp.ovpn,28
07/09/2022,21:29:36.36,us9616.nordvpn.com.udp.ovpn,25
07/09/2022,22:49:37.23,us9616.nordvpn.com.udp.ovpn,27
07/09/2022,23:50:00.61,us8482.nordvpn.com.udp.ovpn,27
07/10/2022,11:30:09.52,us8478.nordvpn.com.udp.ovpn,29
07/10/2022,12:50:31.48,us8482.nordvpn.com.udp.ovpn,28
07/10/2022,19:02:42.91,us8478.nordvpn.com.udp.ovpn,29
07/10/2022,21:00:33.46,us8494.nordvpn.com.udp.ovpn,31
07/11/2022,18:01:40.24,us8494.nordvpn.com.udp.ovpn,27
07/11/2022,20:55:04.20,us8474.nordvpn.com.udp.ovpn,26
07/11/2022,22:49:54.91,us8478.nordvpn.com.udp.ovpn,29
07/12/2022,19:39:47.46,us9612.nordvpn.com.udp.ovpn,37
07/12/2022,21:58:35.94,us8494.nordvpn.com.udp.ovpn,33
07/13/2022,19:26:03.65,us8474.nordvpn.com.udp.ovpn,27
07/13/2022,22:38:48.97,us9616.nordvpn.com.udp.ovpn,28
07/14/2022,08:41:44.82,us8482.nordvpn.com.udp.ovpn,30
07/14/2022,19:27:15.58,us9618.nordvpn.com.udp.ovpn,31
07/15/2022,08:38:32.32,us8494.nordvpn.com.udp.ovpn,28
07/15/2022,13:22:20.29,us8478.nordvpn.com.udp.ovpn,32
07/15/2022,16:03:03.02,us8494.nordvpn.com.udp.ovpn,29
07/15/2022,21:38:08.48,us8478.nordvpn.com.udp.ovpn,29
07/16/2022,15:00:19.31,us8494.nordvpn.com.udp.ovpn,33
07/16/2022,21:08:35.89,us8478.nordvpn.com.udp.ovpn,26
07/16/2022,21:19:30.17,us9616.nordvpn.com.udp.ovpn,28
07/17/2022,09:22:22.40,us8474.nordvpn.com.udp.ovpn,28
07/17/2022,11:09:19.57,us8478.nordvpn.com.udp.ovpn,27
07/17/2022,14:47:16.98,us8478.nordvpn.com.udp.ovpn,29
07/18/2022,19:00:41.83,us8482.nordvpn.com.udp.ovpn,28
07/18/2022,20:54:19.12,us8482.nordvpn.com.udp.ovpn,25
07/19/2022,21:22:10.79,us8478.nordvpn.com.udp.ovpn,31
07/20/2022,18:41:35.08,us8494.nordvpn.com.udp.ovpn,28
07/20/2022,20:31:57.47,us9612.nordvpn.com.udp.ovpn,30
07/20/2022,22:25:14.55,us8482.nordvpn.com.udp.ovpn,29
07/21/2022,17:44:09.08,us8494.nordvpn.com.udp.ovpn,30
07/21/2022,21:35:21.72,us8474.nordvpn.com.udp.ovpn,26
07/21/2022,22:42:33.70,us8482.nordvpn.com.udp.ovpn,29
07/22/2022,07:42:31.55,us8482.nordvpn.com.udp.ovpn,27
07/22/2022,13:43:24.87,us9612.nordvpn.com.udp.ovpn,32
07/22/2022,14:42:48.47,us9616.nordvpn.com.udp.ovpn,32
07/22/2022,19:43:40.80,us8474.nordvpn.com.udp.ovpn,29
07/23/2022,13:43:40.88,us8474.nordvpn.com.udp.ovpn,29
07/23/2022,17:17:08.63,us8482.nordvpn.com.udp.ovpn,27
07/23/2022,21:57:05.59,us8478.nordvpn.com.udp.ovpn,26
07/23/2022,22:47:55.45,us9616.nordvpn.com.udp.ovpn,29
07/24/2022,06:41:56.12,us8478.nordvpn.com.udp.ovpn,29
07/24/2022,16:43:48.43,us8482.nordvpn.com.udp.ovpn,28
07/24/2022,18:59:18.98,us8482.nordvpn.com.udp.ovpn,28
07/25/2022,19:53:26.45,us9612.nordvpn.com.udp.ovpn,31
07/25/2022,22:17:27.22,us8494.nordvpn.com.udp.ovpn,29
07/26/2022,18:17:27.74,us8478.nordvpn.com.udp.ovpn,27
07/27/2022,01:14:02.25,us8474.nordvpn.com.udp.ovpn,33
07/27/2022,03:29:04.41,us8482.nordvpn.com.udp.ovpn,29
07/27/2022,21:17:01.30,us9616.nordvpn.com.udp.ovpn,26
07/27/2022,22:15:34.16,us8474.nordvpn.com.udp.ovpn,30
07/27/2022,23:40:57.73,us8482.nordvpn.com.udp.ovpn,29
07/28/2022,12:01:49.14,us9619.nordvpn.com.udp.ovpn,23
07/28/2022,16:52:46.68,us9616.nordvpn.com.udp.ovpn,29
07/28/2022,18:23:58.91,us8495.nordvpn.com.udp.ovpn,27
07/28/2022,21:29:58.24,us9619.nordvpn.com.udp.ovpn,27
07/29/2022,20:26:16.39,us8479.nordvpn.com.udp.ovpn,30
07/29/2022,23:16:55.64,us8482.nordvpn.com.udp.ovpn,29
07/30/2022,00:23:23.60,us8495.nordvpn.com.udp.ovpn,28
07/30/2022,11:27:19.37,us8482.nordvpn.com.udp.ovpn,28
07/30/2022,13:05:44.32,us8479.nordvpn.com.udp.ovpn,29
07/30/2022,15:52:03.40,us8482.nordvpn.com.udp.ovpn,30
07/30/2022,19:06:01.85,us8474.nordvpn.com.udp.ovpn,29
07/30/2022,20:31:07.07,us8478.nordvpn.com.udp.ovpn,28
07/30/2022,22:34:38.49,us8494.nordvpn.com.udp.ovpn,27
07/31/2022,10:29:01.23,us9612.nordvpn.com.udp.ovpn,29
07/31/2022,11:52:07.14,us9619.nordvpn.com.udp.ovpn,28
07/31/2022,14:40:36.10,us9619.nordvpn.com.udp.ovpn,25
07/31/2022,22:22:04.25,us8494.nordvpn.com.udp.ovpn,30
08/01/2022,18:50:11.09,us9612.nordvpn.com.udp.ovpn,22
08/01/2022,20:14:40.46,us8474.nordvpn.com.udp.ovpn,28
08/01/2022,21:49:23.43,us8474.nordvpn.com.udp.ovpn,29
08/02/2022,19:53:19.00,us9612.nordvpn.com.udp.ovpn,27
08/02/2022,21:36:56.28,us8494.nordvpn.com.udp.ovpn,29
08/02/2022,23:22:41.88,us8494.nordvpn.com.udp.ovpn,29
08/03/2022,20:15:48.11,us8482.nordvpn.com.udp.ovpn,26
08/03/2022,23:09:04.50,us8478.nordvpn.com.udp.ovpn,29
08/04/2022,18:43:17.89,us8479.nordvpn.com.udp.ovpn,28
08/05/2022,01:46:49.07,us9612.nordvpn.com.udp.ovpn,28
08/05/2022,03:01:58.72,us9612.nordvpn.com.udp.ovpn,31
08/05/2022,03:02:57.62,us9616.nordvpn.com.udp.ovpn,30
08/05/2022,10:38:07.15,us8479.nordvpn.com.udp.ovpn,29
08/05/2022,14:04:07.53,us8495.nordvpn.com.udp.ovpn,27
08/05/2022,17:41:34.16,us9612.nordvpn.com.udp.ovpn,27
08/06/2022,01:41:59.18,us8494.nordvpn.com.udp.ovpn,28
08/06/2022,04:04:14.93,us8479.nordvpn.com.udp.ovpn,27
08/06/2022,13:59:04.83,us8495.nordvpn.com.udp.ovpn,29
08/06/2022,16:44:17.16,us9612.nordvpn.com.udp.ovpn,29
08/06/2022,20:03:57.33,us8495.nordvpn.com.udp.ovpn,27
08/07/2022,13:26:57.02,us8482.nordvpn.com.udp.ovpn,27
08/07/2022,18:56:25.52,us9619.nordvpn.com.udp.ovpn,28
08/07/2022,22:24:11.30,us8478.nordvpn.com.udp.ovpn,29
08/08/2022,18:58:52.69,us8478.nordvpn.com.udp.ovpn,30
08/09/2022,19:54:09.76,us8482.nordvpn.com.udp.ovpn,25
08/09/2022,21:58:12.12,us9619.nordvpn.com.udp.ovpn,29
08/10/2022,17:43:46.81,us8479.nordvpn.com.udp.ovpn,29
08/11/2022,21:01:17.16,us8479.nordvpn.com.udp.ovpn,30
08/11/2022,21:53:44.47,us8479.nordvpn.com.udp.ovpn,31
08/11/2022,22:13:24.64,us8474.nordvpn.com.udp.ovpn,False
08/12/2022,14:18:52.63,us9619.nordvpn.com.udp.ovpn,27
08/12/2022,16:39:15.00,us8479.nordvpn.com.udp.ovpn,19
08/12/2022,18:26:30.19,us9619.nordvpn.com.udp.ovpn,16
08/12/2022,19:44:51.16,us8495.nordvpn.com.udp.ovpn,16
08/12/2022,20:56:03.00,us8479.nordvpn.com.udp.ovpn,24
08/13/2022,10:51:24.28,us8495.nordvpn.com.udp.ovpn,23
08/13/2022,16:29:47.63,us9619.nordvpn.com.udp.ovpn,21
08/13/2022,23:09:37.18,us9619.nordvpn.com.udp.ovpn,28
08/14/2022,15:36:43.87,us8495.nordvpn.com.udp.ovpn,24
08/14/2022,18:39:09.47,us8479.nordvpn.com.udp.ovpn,25
08/14/2022,23:25:27.76,us8495.nordvpn.com.udp.ovpn,27
08/15/2022,17:45:43.88,us9619.nordvpn.com.udp.ovpn,19
08/15/2022,18:15:41.53,us8495.nordvpn.com.udp.ovpn,21
08/15/2022,21:19:09.43,us8479.nordvpn.com.udp.ovpn,20
08/15/2022,22:47:44.35,us8479.nordvpn.com.udp.ovpn,18
08/16/2022,00:52:37.46,us8495.nordvpn.com.udp.ovpn,27
08/16/2022,17:24:59.93,us9619.nordvpn.com.udp.ovpn,27
08/17/2022,12:37:02.04,us8495.nordvpn.com.udp.ovpn,26
08/17/2022,17:14:40.03,us8479.nordvpn.com.udp.ovpn,29
08/17/2022,18:37:19.84,us8482.nordvpn.com.udp.ovpn,31
08/17/2022,22:11:38.66,us8474.nordvpn.com.udp.ovpn,28
08/18/2022,08:25:09.07,us8479.nordvpn.com.udp.ovpn,27
08/18/2022,17:18:17.07,us8478.nordvpn.com.udp.ovpn,27
08/18/2022,19:15:33.11,us8495.nordvpn.com.udp.ovpn,25
08/18/2022,21:21:55.97,us8494.nordvpn.com.udp.ovpn,26
08/20/2022,00:22:37.27,us8479.nordvpn.com.udp.ovpn,22
08/20/2022,00:27:06.62,us8495.nordvpn.com.udp.ovpn,28
08/20/2022,19:52:45.14,us8479.nordvpn.com.udp.ovpn,30
08/20/2022,21:34:51.77,us9618.nordvpn.com.udp.ovpn,34
08/21/2022,12:53:15.36,us9612.nordvpn.com.udp.ovpn,30
08/21/2022,18:24:30.70,us8474.nordvpn.com.udp.ovpn,27
08/21/2022,20:56:03.81,us8478.nordvpn.com.udp.ovpn,29
08/21/2022,23:19:48.10,us9616.nordvpn.com.udp.ovpn,21
08/21/2022,23:20:13.82,us9612.nordvpn.com.udp.ovpn,23
08/22/2022,18:36:49.07,us8474.nordvpn.com.udp.ovpn,24
08/22/2022,21:22:02.80,us8495.nordvpn.com.udp.ovpn,28
08/22/2022,22:33:00.80,us8479.nordvpn.com.udp.ovpn,False
08/22/2022,23:00:41.56,us8479.nordvpn.com.udp.ovpn,31
08/23/2022,19:44:08.52,us8479.nordvpn.com.udp.ovpn,29
08/23/2022,22:12:13.73,us8495.nordvpn.com.udp.ovpn,27
08/24/2022,17:03:26.94,us8478.nordvpn.com.udp.ovpn,25
08/24/2022,18:40:19.52,us9612.nordvpn.com.udp.ovpn,24
08/25/2022,20:07:22.57,us9616.nordvpn.com.udp.ovpn,26
08/26/2022,20:33:54.72,us8479.nordvpn.com.udp.ovpn,29
08/26/2022,22:49:26.09,us8482.nordvpn.com.udp.ovpn,28
08/27/2022,17:10:08.36,us9619.nordvpn.com.udp.ovpn,31
08/27/2022,19:04:56.47,us9619.nordvpn.com.udp.ovpn,26
08/27/2022,20:55:23.93,us9619.nordvpn.com.udp.ovpn,28
08/27/2022,23:39:41.10,us9616.nordvpn.com.udp.ovpn,26
08/28/2022,01:04:14.22,us8478.nordvpn.com.udp.ovpn,28
08/28/2022,08:48:43.45,us8495.nordvpn.com.udp.ovpn,28
08/28/2022,12:55:31.30,us9612.nordvpn.com.udp.ovpn,28
08/28/2022,21:23:48.92,us8478.nordvpn.com.udp.ovpn,27
08/29/2022,21:43:54.94,us8494.nordvpn.com.udp.ovpn,38
08/29/2022,21:44:15.70,us9612.nordvpn.com.udp.ovpn,37
08/30/2022,20:34:54.14,us8478.nordvpn.com.udp.ovpn,37
09/02/2022,13:08:00.73,us8474.nordvpn.com.udp.ovpn,30
09/05/2022,23:45:25.26,us8482.nordvpn.com.udp.ovpn,13
09/06/2022,14:41:03.39,us8474.nordvpn.com.udp.ovpn,13
09/06/2022,16:26:57.61,us9618.nordvpn.com.udp.ovpn,13
09/06/2022,17:35:18.06,us9618.nordvpn.com.udp.ovpn,13
09/07/2022,12:43:12.09,us9612.nordvpn.com.udp.ovpn,14
09/08/2022,15:58:48.10,us8479.nordvpn.com.udp.ovpn,False
09/08/2022,17:18:23.63,us9616.nordvpn.com.udp.ovpn,13
09/08/2022,21:03:57.35,us8494.nordvpn.com.udp.ovpn,14
09/09/2022,12:03:45.09,us9616.nordvpn.com.udp.ovpn,13
09/10/2022,18:28:57.67,us8494.nordvpn.com.udp.ovpn,12
09/10/2022,18:47:04.95,us8482.nordvpn.com.udp.ovpn,13
09/11/2022,01:12:19.52,us9612.nordvpn.com.udp.ovpn,12
09/11/2022,20:48:14.66,us9612.nordvpn.com.udp.ovpn,12
09/13/2022,21:43:41.25,us9618.nordvpn.com.udp.ovpn,12
09/14/2022,18:29:24.85,us9616.nordvpn.com.udp.ovpn,False
09/14/2022,18:53:43.85,us9616.nordvpn.com.udp.ovpn,False
09/14/2022,18:59:11.04,us8482.nordvpn.com.udp.ovpn,13
09/17/2022,22:25:51.19,us8474.nordvpn.com.udp.ovpn,13
09/17/2022,23:05:01.98,us8474.nordvpn.com.udp.ovpn,13
09/18/2022,07:30:47.55,us8479.nordvpn.com.udp.ovpn,18
09/18/2022,07:30:47.61,us8494.nordvpn.com.udp.ovpn,13
09/18/2022,07:30:47.68,us8495.nordvpn.com.udp.ovpn,18
09/18/2022,07:30:47.75,us8482.nordvpn.com.udp.ovpn,16
09/18/2022,07:30:47.81,us8478.nordvpn.com.udp.ovpn,16
09/18/2022,07:30:47.88,us9619.nordvpn.com.udp.ovpn,17
09/18/2022,07:30:47.94,us8474.nordvpn.com.udp.ovpn,17
09/18/2022,07:30:48.01,us9615.nordvpn.com.udp.ovpn,19
09/18/2022,07:30:48.08,us9618.nordvpn.com.udp.ovpn,15
09/18/2022,07:30:48.14,us9612.nordvpn.com.udp.ovpn,15
09/18/2022,07:30:48.22,us9613.nordvpn.com.udp.ovpn,21
09/18/2022,07:32:41.99,us8479.nordvpn.com.udp.ovpn,22
09/18/2022,07:32:42.05,us8494.nordvpn.com.udp.ovpn,14
09/18/2022,07:32:42.13,us8495.nordvpn.com.udp.ovpn,25
09/18/2022,07:32:42.19,us8482.nordvpn.com.udp.ovpn,14
09/18/2022,07:32:42.25,us8478.nordvpn.com.udp.ovpn,12
09/18/2022,07:32:42.32,us9619.nordvpn.com.udp.ovpn,19
09/18/2022,07:32:42.38,us8474.nordvpn.com.udp.ovpn,15
09/18/2022,07:32:42.45,us9615.nordvpn.com.udp.ovpn,18
09/18/2022,07:32:42.52,us9618.nordvpn.com.udp.ovpn,15
09/18/2022,07:32:42.58,us9612.nordvpn.com.udp.ovpn,13
09/18/2022,07:32:42.65,us9613.nordvpn.com.udp.ovpn,21
09/18/2022,07:42:07.87,us8479.nordvpn.com.udp.ovpn,22
09/18/2022,07:42:07.95,us8494.nordvpn.com.udp.ovpn,16
09/18/2022,07:42:08.04,us8495.nordvpn.com.udp.ovpn,19
09/18/2022,07:42:08.12,us8482.nordvpn.com.udp.ovpn,15
09/18/2022,07:42:08.20,us8478.nordvpn.com.udp.ovpn,14
09/18/2022,07:42:08.28,us9619.nordvpn.com.udp.ovpn,18
09/18/2022,07:42:08.37,us8474.nordvpn.com.udp.ovpn,13
09/18/2022,07:42:08.45,us9615.nordvpn.com.udp.ovpn,19
09/18/2022,07:42:08.53,us9618.nordvpn.com.udp.ovpn,13
09/18/2022,07:42:08.61,us9612.nordvpn.com.udp.ovpn,15
09/18/2022,07:42:08.70,us9613.nordvpn.com.udp.ovpn,22
09/18/2022,07:42:36.63,us8479.nordvpn.com.udp.ovpn,18
09/18/2022,07:42:36.75,us8494.nordvpn.com.udp.ovpn,14
09/18/2022,07:42:36.92,us8495.nordvpn.com.udp.ovpn,21
09/18/2022,07:42:37.09,us8482.nordvpn.com.udp.ovpn,15
09/18/2022,07:42:37.32,us8478.nordvpn.com.udp.ovpn,14
09/18/2022,07:42:37.72,us9619.nordvpn.com.udp.ovpn,19
09/18/2022,07:42:37.93,us8474.nordvpn.com.udp.ovpn,14
09/18/2022,07:42:38.06,us9615.nordvpn.com.udp.ovpn,20
09/18/2022,07:42:38.18,us9618.nordvpn.com.udp.ovpn,13
09/18/2022,07:42:38.31,us9612.nordvpn.com.udp.ovpn,12
09/18/2022,07:42:38.41,us9613.nordvpn.com.udp.ovpn,21
09/18/2022,07:43:01.53,us8479.nordvpn.com.udp.ovpn,18
09/18/2022,07:43:01.58,us8494.nordvpn.com.udp.ovpn,13
09/18/2022,07:43:01.64,us8495.nordvpn.com.udp.ovpn,21
09/18/2022,07:43:01.69,us8482.nordvpn.com.udp.ovpn,13
09/18/2022,07:43:01.74,us8478.nordvpn.com.udp.ovpn,15
09/18/2022,07:43:01.79,us9619.nordvpn.com.udp.ovpn,17
09/18/2022,07:43:01.85,us8474.nordvpn.com.udp.ovpn,16
09/18/2022,07:43:01.90,us9615.nordvpn.com.udp.ovpn,19
09/18/2022,07:43:01.95,us9618.nordvpn.com.udp.ovpn,15
09/18/2022,07:43:02.01,us9612.nordvpn.com.udp.ovpn,14
09/18/2022,07:43:02.07,us9613.nordvpn.com.udp.ovpn,19
09/18/2022,07:43:46.21,us8479.nordvpn.com.udp.ovpn,23
09/18/2022,07:43:46.26,us8494.nordvpn.com.udp.ovpn,13
09/18/2022,07:43:46.32,us8495.nordvpn.com.udp.ovpn,23
09/18/2022,07:43:46.37,us8482.nordvpn.com.udp.ovpn,14
09/18/2022,07:43:46.42,us8478.nordvpn.com.udp.ovpn,15
09/18/2022,07:43:46.48,us9619.nordvpn.com.udp.ovpn,18
09/18/2022,07:43:46.53,us8474.nordvpn.com.udp.ovpn,14
09/18/2022,07:43:46.59,us9615.nordvpn.com.udp.ovpn,18
09/18/2022,07:43:46.64,us9618.nordvpn.com.udp.ovpn,15
09/18/2022,07:43:46.69,us9612.nordvpn.com.udp.ovpn,15
09/18/2022,07:43:46.75,us9613.nordvpn.com.udp.ovpn,18
09/18/2022,07:51:00.86,us8479.nordvpn.com.udp.ovpn,21
09/18/2022,07:51:00.94,us8494.nordvpn.com.udp.ovpn,16
09/18/2022,07:51:01.02,us8495.nordvpn.com.udp.ovpn,19
09/18/2022,07:51:01.10,us8482.nordvpn.com.udp.ovpn,12
09/18/2022,07:51:01.17,us8478.nordvpn.com.udp.ovpn,13
09/18/2022,07:51:01.25,us9619.nordvpn.com.udp.ovpn,18
09/18/2022,07:51:01.40,us8474.nordvpn.com.udp.ovpn,14
09/18/2022,07:51:01.48,us9615.nordvpn.com.udp.ovpn,20
09/18/2022,07:51:01.58,us9618.nordvpn.com.udp.ovpn,18
09/18/2022,07:51:01.66,us9612.nordvpn.com.udp.ovpn,15
09/18/2022,07:51:01.75,us9613.nordvpn.com.udp.ovpn,20
09/18/2022,07:51:48.16,us8479.nordvpn.com.udp.ovpn,22
09/18/2022,07:51:48.21,us8494.nordvpn.com.udp.ovpn,16
09/18/2022,07:51:48.27,us8495.nordvpn.com.udp.ovpn,21
09/18/2022,07:51:48.31,us8482.nordvpn.com.udp.ovpn,14
09/18/2022,07:51:48.36,us8478.nordvpn.com.udp.ovpn,14
09/18/2022,07:51:48.42,us9619.nordvpn.com.udp.ovpn,19
09/18/2022,07:51:48.46,us8474.nordvpn.com.udp.ovpn,15
09/18/2022,07:51:48.52,us9615.nordvpn.com.udp.ovpn,19
09/18/2022,07:51:48.56,us9618.nordvpn.com.udp.ovpn,14
09/18/2022,07:51:48.62,us9612.nordvpn.com.udp.ovpn,17
09/18/2022,07:51:48.67,us9613.nordvpn.com.udp.ovpn,20

